"../../../Engine/Content/Animation/DefaultAnimCurveCompressionSettings.uasset" 0
"../../../Engine/Content/ArtTools/RenderToTexture/Enums/RenderToTexture_Enum.uasset" 1
"../../../Engine/Content/ArtTools/RenderToTexture/Enums/RenderToTexture_Flipbook_Enum.uasset" 2
"../../../Engine/Content/ArtTools/RenderToTexture/Enums/RenderToTexture_Imposter_Enum.uasset" 3
"../../../Engine/Content/EditorBlueprintResources/StandardMacros.uasset" 4
"../../../Engine/Content/ArtTools/RenderToTexture/Enums/EIntTypes.uasset" 5
"../../../Engine/Content/ArtTools/RenderToTexture/Macros/RenderToTextureFunctionLibrary.uasset" 6
"../../../Engine/Content/ArtTools/RenderToTexture/Enums/EFloatTypes.uasset" 7
"../../../Engine/Content/ArtTools/RenderToTexture/Macros/RenderToTextureMacros.uasset" 8
"../../../Engine/Content/Functions/Engine_MaterialFunctions01/Opacity/CameraDepthFade.uasset" 9
"../../../Engine/Content/EngineMaterials/T_Default_Material_Grid_M.uasset" 10
"../../../Engine/Content/EngineMaterials/T_Default_Material_Grid_N.uasset" 11
"../../../Engine/Content/EngineMaterials/WorldGridMaterial.uasset" 12
"../../../Engine/Content/ArtTools/RenderToTexture/Meshes/S_1_Unit_Plane.uasset" 13
"../../../Engine/Content/EngineMaterials/DefaultMaterial.uasset" 14
"../../../Engine/Content/BasicShapes/Cone.uasset" 15
"../../../Engine/Content/BasicShapes/Cube.uasset" 16
"../../../Engine/Content/BasicShapes/Cylinder.uasset" 17
"../../../Engine/Content/BasicShapes/Plane.uasset" 18
"../../../Engine/Content/BasicShapes/Sphere.uasset" 19
"../../../Engine/Content/EngineMaterials/DefaultPhysicalMaterial.uasset" 20
"../../../Engine/Content/BufferVisualization/AmbientOcclusion.uasset" 21
"../../../Engine/Content/BufferVisualization/BaseColor.uasset" 22
"../../../Engine/Content/BufferVisualization/CustomDepth.uasset" 23
"../../../Engine/Content/Functions/Engine_MaterialFunctions02/Utility/VectorLength.uasset" 24
"../../../Engine/Content/BufferVisualization/CustomDepthWorldUnits.uasset" 25
"../../../Engine/Content/Functions/Engine_MaterialFunctions02/Utility/BreakOutFloat2Components.uasset" 26
"../../../Engine/Content/Functions/Engine_MaterialFunctions01/Texturing/ScaleUVsByCenter.uasset" 27
"../../../Engine/Content/Functions/Engine_MaterialFunctions02/ScreenResolution.uasset" 28
"../../../Engine/Content/Functions/Engine_MaterialFunctions02/Texturing/ScreenAlignedUVs.uasset" 29
"../../../Engine/Content/Functions/Engine_MaterialFunctions02/Utility/MakeFloat2.uasset" 30
"../../../Engine/Content/Functions/Engine_MaterialFunctions02/Utility/MakeFloat3.uasset" 31
"../../../Engine/Content/EngineMaterials/MiniFont.uasset" 32
"../../../Engine/Content/BufferVisualization/CustomStencil.uasset" 33
"../../../Engine/Content/BufferVisualization/FinalImage.uasset" 34
"../../../Engine/Content/BufferVisualization/LightingModel.uasset" 35
"../../../Engine/Content/BufferVisualization/MaterialAO.uasset" 36
"../../../Engine/Content/BufferVisualization/Metallic.uasset" 37
"../../../Engine/Content/BufferVisualization/Opacity.uasset" 38
"../../../Engine/Content/BufferVisualization/PostTonemapHDRColor.uasset" 39
"../../../Engine/Content/BufferVisualization/PreTonemapHDRColor.uasset" 40
"../../../Engine/Content/BufferVisualization/Roughness.uasset" 41
"../../../Engine/Content/BufferVisualization/SceneColor.uasset" 42
"../../../Engine/Content/BufferVisualization/SceneDepth.uasset" 43
"../../../Engine/Content/BufferVisualization/SceneDepthWorldUnits.uasset" 44
"../../../Engine/Content/BufferVisualization/SeparateTranslucencyA.uasset" 45
"../../../Engine/Content/BufferVisualization/SeparateTranslucencyRGB.uasset" 46
"../../../Engine/Content/BufferVisualization/Specular.uasset" 47
"../../../Engine/Content/BufferVisualization/SubsurfaceColor.uasset" 48
"../../../Engine/Content/BufferVisualization/Velocity.uasset" 49
"../../../Engine/Content/BufferVisualization/WorldNormal.uasset" 50
"../../../Engine/Content/EditorBlueprintResources/ActorMacros.uasset" 51
"../../../Engine/Content/EditorLandscapeResources/DataLayer.uasset" 52
"../../../Engine/Content/EditorLandscapeResources/DefaultAlphaTexture.uasset" 53
"../../../Engine/Content/Functions/Engine_MaterialFunctions01/ImageAdjustment/BlurSampleOffsets.uasset" 54
"../../../Engine/Content/Functions/Engine_MaterialFunctions02/SampleSceneDepth.uasset" 55
"../../../Engine/Content/Functions/Engine_MaterialFunctions02/Texturing/WorldPositionWithScale.uasset" 56
"../../../Engine/Content/Functions/Engine_MaterialFunctions02/Utility/CameraDirectionVector.uasset" 57
"../../../Engine/Content/Functions/Engine_MaterialFunctions02/Utility/LinearSine.uasset" 58
"../../../Engine/Content/Functions/Engine_MaterialFunctions02/UVs/WorldPositionBehindTranslucency.uasset" 59
"../../../Engine/Content/Functions/Engine_MaterialFunctions02/WorldPositionOffset/ObjectScale.uasset" 60
"../../../Engine/Content/EditorLandscapeResources/FoliageBrushSphereMaterial.uasset" 61
"../../../Engine/Content/EditorLandscapeResources/LandscapeGizmoHeight_Mat.uasset" 62
"../../../Engine/Content/EditorLandscapeResources/LandscapeGizmo_Mat.uasset" 63
"../../../Engine/Content/EditorLandscapeResources/LandscapeGizmo_Mat_Copied.uasset" 64
"../../../Engine/Content/EditorLandscapeResources/SplineEditorMeshMat.uasset" 65
"../../../Engine/Content/EditorLandscapeResources/SplineEditorMesh.uasset" 66
"../../../Engine/Content/EditorMaterials/Cross.uasset" 67
"../../../Engine/Content/EditorMaterials/Cross_Mat.uasset" 68
"../../../Engine/Content/EngineMaterials/DefaultDiffuse.uasset" 69
"../../../Engine/Content/Functions/Engine_MaterialFunctions01/Texturing/TextureCropping.uasset" 70
"../../../Engine/Content/Functions/Engine_MaterialFunctions01/Texturing/ComputeMipLevel.uasset" 71
"../../../Engine/Content/Functions/Engine_MaterialFunctions02/ExampleContent/DebugNumberStrip.uasset" 72
"../../../Engine/Content/Functions/Engine_MaterialFunctions02/ExampleContent/Textures/DebugNumberPeriod.uasset" 73
"../../../Engine/Content/Functions/Engine_MaterialFunctions02/Utility/DebugScalarValues.uasset" 74
"../../../Engine/Content/Functions/Engine_MaterialFunctions02/Utility/DebugFloat2Values.uasset" 75
"../../../Engine/Content/Functions/Engine_MaterialFunctions02/ExampleContent/Textures/flipbook.uasset" 76
"../../../Engine/Content/Functions/Engine_MaterialFunctions02/Texturing/FlipBook.uasset" 77
"../../../Engine/Content/Functions/Engine_MaterialFunctions02/Utility/Sign.uasset" 78
"../../../Engine/Content/Functions/Engine_MaterialFunctions02/Utility/Round.uasset" 79
"../../../Engine/Content/EditorResources/T_EditorHelp.uasset" 80
"../../../Engine/Content/EditorMaterials/HelpActorMaterial.uasset" 81
"../../../Engine/Content/EditorMaterials/CompositeARGBLayer.uasset" 82
"../../../Engine/Content/EditorMaterials/TilingAALineIntegral.uasset" 83
"../../../Engine/Content/EditorMaterials/TilingAALineBoxFiltered.uasset" 84
"../../../Engine/Content/Functions/Engine_MaterialFunctions03/Procedurals/ComputeFilterWidth.uasset" 85
"../../../Engine/Content/EditorMaterials/TilingAADots.uasset" 86
"../../../Engine/Content/EngineMaterials/BlendFunc_DefBase.uasset" 87
"../../../Engine/Content/EngineMaterials/BlendFunc_DefBlend.uasset" 88
"../../../Engine/Content/Functions/Engine_MaterialFunctions03/Blends/Blend_Screen.uasset" 89
"../../../Engine/Content/EditorMaterials/TilingAAGrid.uasset" 90
"../../../Engine/Content/EditorMaterials/LevelGridMaterial.uasset" 91
"../../../Engine/Content/EditorMaterials/MakeCompositeARGBLayer.uasset" 92
"../../../Engine/Content/EditorResources/LevelGrid1DStripes.uasset" 93
"../../../Engine/Content/EditorMaterials/TextureGridCascaded1D.uasset" 94
"../../../Engine/Content/EditorMaterials/TextureGridCascaded2D.uasset" 95
"../../../Engine/Content/EditorMaterials/LevelGridMaterial2.uasset" 96
"../../../Engine/Content/EditorMaterials/MAT_Groups_Toggle.uasset" 97
"../../../Engine/Content/EditorMaterials/MAT_Groups_Visibility.uasset" 98
"../../../Engine/Content/EditorMaterials/AntialiasedGridFloor.uasset" 99
"../../../Engine/Content/EditorResources/TilePatine_D.uasset" 100
"../../../Engine/Content/EditorResources/TilePatine_N.uasset" 101
"../../../Engine/Content/EngineMaterials/Grid.uasset" 102
"../../../Engine/Content/EditorMaterials/PersonaFloorMat.uasset" 103
"../../../Engine/Content/EditorMaterials/PhAT_BoneSelectedMaterial.uasset" 104
"../../../Engine/Content/EditorMaterials/PhAT_ElemSelectedMaterial.uasset" 105
"../../../Engine/Content/EditorMaterials/PhAT_NoCollisionMaterial.uasset" 106
"../../../Engine/Content/EditorMaterials/PhAT_UnselectedMaterial.uasset" 107
"../../../Engine/Content/EditorMaterials/PreviewShadowIndicator.uasset" 108
"../../../Engine/Content/EditorMaterials/PreviewShadowIndicatorMaterial.uasset" 109
"../../../Engine/Content/EditorMaterials/TargetIcon.uasset" 110
"../../../Engine/Content/EditorMaterials/Tick.uasset" 111
"../../../Engine/Content/EditorMaterials/Tick_Mat.uasset" 112
"../../../Engine/Content/EditorMaterials/WidgetGridVertexColorMaterial.uasset" 113
"../../../Engine/Content/EditorMaterials/WidgetGridVertexColorMaterial_Ma.uasset" 114
"../../../Engine/Content/EditorMaterials/WidgetMaterial.uasset" 115
"../../../Engine/Content/EditorMaterials/WidgetMaterial_Current.uasset" 116
"../../../Engine/Content/EditorMaterials/WidgetMaterial_X.uasset" 117
"../../../Engine/Content/EditorMaterials/WidgetMaterial_Y.uasset" 118
"../../../Engine/Content/EditorMaterials/WidgetMaterial_Z.uasset" 119
"../../../Engine/Content/EditorMaterials/WidgetVertexColorMaterial.uasset" 120
"../../../Engine/Content/EditorMaterials/MatineeGroups/MAT_ColorTrack.uasset" 121
"../../../Engine/Content/EditorMaterials/MatineeGroups/MAT_Groups_Anim.uasset" 122
"../../../Engine/Content/EditorMaterials/MatineeGroups/MAT_Groups_AudioMaster.uasset" 123
"../../../Engine/Content/EditorMaterials/MatineeGroups/MAT_Groups_Director.uasset" 124
"../../../Engine/Content/EditorMaterials/MatineeGroups/MAT_Groups_Event.uasset" 125
"../../../Engine/Content/EditorMaterials/MatineeGroups/MAT_Groups_Fade.uasset" 126
"../../../Engine/Content/EditorMaterials/MatineeGroups/MAT_Groups_Float.uasset" 127
"../../../Engine/Content/EditorMaterials/MatineeGroups/MAT_Groups_Move.uasset" 128
"../../../Engine/Content/EditorMaterials/MatineeGroups/MAT_Groups_Slomo.uasset" 129
"../../../Engine/Content/EditorMaterials/MatineeGroups/MAT_Groups_Sound.uasset" 130
"../../../Engine/Content/EditorMaterials/MatineeGroups/MAT_Groups_Vector.uasset" 131
"../../../Engine/Content/EditorMaterials/ParticleSystems/PSysThumbnail_NoImage.uasset" 132
"../../../Engine/Content/EditorMaterials/ParticleSystems/PSysThumbnail_OOD.uasset" 133
"../../../Engine/Content/EditorMaterials/Thumbnails/FloorPlaneMaterial.uasset" 134
"../../../Engine/Content/EditorMeshes/EditorCube.uasset" 135
"../../../Engine/Content/EditorMeshes/EditorCylinder.uasset" 136
"../../../Engine/Content/EditorMeshes/EditorPlane.uasset" 137
"../../../Engine/Content/EditorMaterials/Thumbnails/SkySphereMaterial.uasset" 138
"../../../Engine/Content/EditorMeshes/EditorSkySphere.uasset" 139
"../../../Engine/Content/EditorMeshes/EditorSphere.uasset" 140
"../../../Engine/Content/EditorResources/MatineeCam_D.uasset" 141
"../../../Engine/Content/EditorMaterials/MatineeCam_mat.uasset" 142
"../../../Engine/Content/EditorMeshes/MatineeCam_SM.uasset" 143
"../../../Engine/Content/Functions/Engine_MaterialFunctions01/Shading/ConvertFromDiffSpec.uasset" 144
"../../../Engine/Content/EditorMaterials/GridMaterial.uasset" 145
"../../../Engine/Content/EditorMeshes/PhAT_FloorBox.uasset" 146
"../../../Engine/Content/EditorMeshes/PlanarReflectionPlane.uasset" 147
"../../../Engine/Content/EditorMaterials/Camera/CineMat.uasset" 148
"../../../Engine/Content/EditorMaterials/Camera/MI_CineMat_CameraBody.uasset" 149
"../../../Engine/Content/EngineDebugMaterials/M_SimpleOpaque.uasset" 150
"../../../Engine/Content/EditorMaterials/Camera/MI_CineMat_CamViewFinder.uasset" 151
"../../../Engine/Content/EditorMeshes/Camera/SM_CineCam.uasset" 152
"../../../Engine/Content/EditorMaterials/Camera/MI_CineMat_Rig.uasset" 153
"../../../Engine/Content/EditorMeshes/Camera/SM_CraneRig_Arm.uasset" 154
"../../../Engine/Content/EditorMeshes/Camera/SM_CraneRig_Base.uasset" 155
"../../../Engine/Content/EditorMeshes/Camera/SM_CraneRig_Body.uasset" 156
"../../../Engine/Content/EditorMeshes/Camera/SM_CraneRig_Mount.uasset" 157
"../../../Engine/Content/EditorMeshes/Camera/SM_RailRig_Mount.uasset" 158
"../../../Engine/Content/EditorMeshes/Camera/SM_RailRig_Track.uasset" 159
"../../../Engine/Content/EditorMeshes/ColorCalibrator/M_ChromeBall.uasset" 160
"../../../Engine/Content/EditorResources/Bad.uasset" 161
"../../../Engine/Content/EditorResources/BSPVertex.uasset" 162
"../../../Engine/Content/EditorResources/EmptyActor.uasset" 163
"../../../Engine/Content/EditorResources/MatInstActSprite.uasset" 164
"../../../Engine/Content/EditorResources/SceneManager.uasset" 165
"../../../Engine/Content/EditorResources/SmallFont.uasset" 166
"../../../Engine/Content/EditorResources/S_Actor.uasset" 167
"../../../Engine/Content/EditorResources/S_CameraShakeSource.uasset" 168
"../../../Engine/Content/EditorResources/S_DecalActorIcon.uasset" 169
"../../../Engine/Content/EditorResources/S_Emitter.uasset" 170
"../../../Engine/Content/EditorResources/S_ExpoHeightFog.uasset" 171
"../../../Engine/Content/EditorResources/S_FTest.uasset" 172
"../../../Engine/Content/EditorResources/S_KBSJoint.uasset" 173
"../../../Engine/Content/EditorResources/S_KHinge.uasset" 174
"../../../Engine/Content/EditorResources/S_KPrismatic.uasset" 175
"../../../Engine/Content/EditorResources/S_LevelSequence.uasset" 176
"../../../Engine/Content/EditorResources/S_NavP.uasset" 177
"../../../Engine/Content/EditorResources/S_Note.uasset" 178
"../../../Engine/Content/EditorResources/S_Player.uasset" 179
"../../../Engine/Content/EditorResources/S_PortalActorIcon2.uasset" 180
"../../../Engine/Content/EditorResources/S_RadForce.uasset" 181
"../../../Engine/Content/EditorResources/S_ReflActorIcon.uasset" 182
"../../../Engine/Content/EditorResources/S_SkyAtmosphere.uasset" 183
"../../../Engine/Content/EditorResources/S_Solver.uasset" 184
"../../../Engine/Content/EditorResources/S_Terrain.uasset" 185
"../../../Engine/Content/EditorResources/S_TextRenderActorIcon.uasset" 186
"../../../Engine/Content/EditorResources/S_Thruster.uasset" 187
"../../../Engine/Content/EditorResources/S_Trigger.uasset" 188
"../../../Engine/Content/EditorResources/S_VectorFieldVol.uasset" 189
"../../../Engine/Content/EditorResources/S_WindDirectional.uasset" 190
"../../../Engine/Content/EditorResources/AI/S_NavLink.uasset" 191
"../../../Engine/Content/EditorResources/LightIcons/SkyLight.uasset" 192
"../../../Engine/Content/EditorResources/LightIcons/S_LightDirectional.uasset" 193
"../../../Engine/Content/EditorResources/LightIcons/S_LightDirectionalMove.uasset" 194
"../../../Engine/Content/EditorResources/LightIcons/S_LightError.uasset" 195
"../../../Engine/Content/EditorResources/LightIcons/S_LightPoint.uasset" 196
"../../../Engine/Content/EditorResources/LightIcons/S_LightPointMove.uasset" 197
"../../../Engine/Content/EditorResources/LightIcons/S_LightSpot.uasset" 198
"../../../Engine/Content/EditorResources/LightIcons/S_LightSpotMove.uasset" 199
"../../../Engine/Content/EditorResources/SequenceRecorder/Countdown.uasset" 200
"../../../Engine/Content/EditorResources/SequenceRecorder/RecordingIndicator.uasset" 201
"../../../Engine/Content/EditorResources/Spline/T_Loft_Spline.uasset" 202
"../../../Engine/Content/EditorSounds/Notifications/CompileFailed.uasset" 203
"../../../Engine/Content/EditorSounds/Notifications/CompileFailed_Cue.uasset" 204
"../../../Engine/Content/EditorSounds/Notifications/CompileSuccess.uasset" 205
"../../../Engine/Content/EditorSounds/Notifications/CompileStart_Cue.uasset" 206
"../../../Engine/Content/EditorSounds/Notifications/CompileSuccess_Cue.uasset" 207
"../../../Engine/Content/EngineDamageTypes/DmgTypeBP_Environmental.uasset" 208
"../../../Engine/Content/EngineDebugMaterials/HeatmapGradient.uasset" 209
"../../../Engine/Content/EngineDebugMaterials/BoneWeightMaterial.uasset" 210
"../../../Engine/Content/EngineDebugMaterials/ClothMaterial.uasset" 211
"../../../Engine/Content/EngineDebugMaterials/ClothMaterial_WF.uasset" 212
"../../../Engine/Content/EngineDebugMaterials/DebugEditorMaterial.uasset" 213
"../../../Engine/Content/EngineDebugMaterials/DebugMeshMaterial.uasset" 214
"../../../Engine/Content/EngineDebugMaterials/GeomMaterial.uasset" 215
"../../../Engine/Content/EngineDebugMaterials/LevelColorationLitMaterial.uasset" 216
"../../../Engine/Content/EngineDebugMaterials/LevelColorationUnlitMaterial.uasset" 217
"../../../Engine/Content/EngineMaterials/DefaultWhiteGrid.uasset" 218
"../../../Engine/Content/EngineDebugMaterials/MAT_LevelColorationLitLightmapUV.uasset" 219
"../../../Engine/Content/EngineDebugMaterials/M_SimpleUnlitTranslucent.uasset" 220
"../../../Engine/Content/EngineDebugMaterials/VolumeToRender.uasset" 221
"../../../Engine/Content/EngineDebugMaterials/M_VolumeRenderSphereTracePP.uasset" 222
"../../../Engine/Content/EngineMaterials/DefaultWhiteGrid_Low.uasset" 223
"../../../Engine/Content/EngineDebugMaterials/PhysicalMaterialMaskMaterial.uasset" 224
"../../../Engine/Content/EngineDebugMaterials/ShadedLevelColorationLitMaterial.uasset" 225
"../../../Engine/Content/EngineDebugMaterials/ShadedLevelColorationUnlitMateri.uasset" 226
"../../../Engine/Content/EngineDebugMaterials/VertexColorMaterial.uasset" 227
"../../../Engine/Content/EngineDebugMaterials/VertexColorViewMode_AlphaAsColor.uasset" 228
"../../../Engine/Content/EngineDebugMaterials/VertexColorViewMode_BlueOnly.uasset" 229
"../../../Engine/Content/EngineDebugMaterials/VertexColorViewMode_ColorOnly.uasset" 230
"../../../Engine/Content/EngineDebugMaterials/VertexColorViewMode_GreenOnly.uasset" 231
"../../../Engine/Content/EngineDebugMaterials/VertexColorViewMode_RedOnly.uasset" 232
"../../../Engine/Content/EngineDebugMaterials/WireframeMaterial.uasset" 233
"../../../Engine/Content/EngineFonts/Faces/DroidSansFallback.uasset" 234
"../../../Engine/Content/EngineFonts/Faces/RobotoBold.uasset" 235
"../../../Engine/Content/EngineFonts/Faces/RobotoBoldItalic.uasset" 236
"../../../Engine/Content/EngineFonts/Faces/RobotoItalic.uasset" 237
"../../../Engine/Content/EngineFonts/Faces/RobotoLight.uasset" 238
"../../../Engine/Content/EngineFonts/Faces/RobotoRegular.uasset" 239
"../../../Engine/Content/EngineFonts/Roboto.uasset" 240
"../../../Engine/Content/EngineFonts/Faces/RobotoTiny.uasset" 241
"../../../Engine/Content/EngineFonts/RobotoTiny.uasset" 242
"../../../Engine/Content/EngineFonts/SmallFont.uasset" 243
"../../../Engine/Content/EngineFonts/TinyFont.uasset" 244
"../../../Engine/Content/EngineMaterials/BaseFlattenDiffuseMap.uasset" 245
"../../../Engine/Content/EngineMaterials/BaseFlattenEmissiveMap.uasset" 246
"../../../Engine/Content/EngineMaterials/BaseFlattenGrayscaleMap.uasset" 247
"../../../Engine/Content/EngineMaterials/BaseFlattenNormalMap.uasset" 248
"../../../Engine/Content/EngineMaterials/BaseFlattenMaterial.uasset" 249
"../../../Engine/Content/EngineResources/WhiteSquareTexture.uasset" 250
"../../../Engine/Content/EngineMaterials/BlinkingCaret.uasset" 251
"../../../Engine/Content/EngineMaterials/BlueNoise.uasset" 252
"../../../Engine/Content/EngineMaterials/DefaultBloomKernel.uasset" 253
"../../../Engine/Content/EngineMaterials/DefaultBokeh.uasset" 254
"../../../Engine/Content/EngineMaterials/DefaultDeferredDecalMaterial.uasset" 255
"../../../Engine/Content/EngineMaterials/DefaultLightFunctionMaterial.uasset" 256
"../../../Engine/Content/EngineMaterials/DefaultNormal.uasset" 257
"../../../Engine/Content/EngineMaterials/DefaultPostProcessMaterial.uasset" 258
"../../../Engine/Content/EngineFonts/RobotoDistanceField.uasset" 259
"../../../Engine/Content/EngineMaterials/DefaultTextMaterialOpaque.uasset" 260
"../../../Engine/Content/EngineMaterials/EditorBrushMaterial.uasset" 261
"../../../Engine/Content/EngineMaterials/EmissiveMeshMaterial.uasset" 262
"../../../Engine/Content/EngineMaterials/FlatNormal.uasset" 263
"../../../Engine/Content/EngineMaterials/GizmoMaterial.uasset" 264
"../../../Engine/Content/EngineMaterials/Grid_N.uasset" 265
"../../../Engine/Content/EngineMaterials/HighResolutionScreenshotMaskFunction.uasset" 266
"../../../Engine/Content/EngineMaterials/HighResScreenshot.uasset" 267
"../../../Engine/Content/EngineMaterials/HighResScreenshotCaptureRegion.uasset" 268
"../../../Engine/Content/EngineMaterials/HighResScreenshotMask.uasset" 269
"../../../Engine/Content/EngineMaterials/LandscapeHolePhysicalMaterial.uasset" 270
"../../../Engine/Content/EngineMaterials/InvalidLightmapSettings.uasset" 271
"../../../Engine/Content/EngineMaterials/M_InvalidLightmapSettings.uasset" 272
"../../../Engine/Content/EngineMaterials/PaperDiffuse.uasset" 273
"../../../Engine/Content/EngineMaterials/PaperNormal.uasset" 274
"../../../Engine/Content/Functions/Engine_MaterialFunctions02/WorldPositionOffset/CameraOffset.uasset" 275
"../../../Engine/Content/EngineMaterials/PhAT_JointLimitMaterial.uasset" 276
"../../../Engine/Content/EngineMaterials/PhysMat_Rubber.uasset" 277
"../../../Engine/Content/EngineMaterials/PreintegratedSkinBRDF.uasset" 278
"../../../Engine/Content/EngineMaterials/RemoveSurfaceMaterial.uasset" 279
"../../../Engine/Content/Functions/Engine_MaterialFunctions01/ImageAdjustment/sRGBToLinear.uasset" 280
"../../../Engine/Content/Functions/Engine_MaterialFunctions02/Utility/BreakOutFloat3Components.uasset" 281
"../../../Engine/Content/EngineMaterials/Widget3DCameraPassThrough_Opaque_OneSided.uasset" 282
"../../../Engine/Content/EngineMaterials/Widget3DPassThrough.uasset" 283
"../../../Engine/Content/EngineMaterials/Widget3DPassThrough_Masked.uasset" 284
"../../../Engine/Content/EngineMaterials/Widget3DPassThrough_Opaque.uasset" 285
"../../../Engine/Content/EngineMaterials/Widget3DPassThrough_Masked_OneSided.uasset" 286
"../../../Engine/Content/EngineMaterials/Widget3DPassThrough_Opaque_OneSided.uasset" 287
"../../../Engine/Content/EngineMaterials/Widget3DPassThrough_Translucent.uasset" 288
"../../../Engine/Content/EngineMaterials/Widget3DPassThrough_Translucent_OneSided.uasset" 289
"../../../Engine/Content/EngineMeshes/Cylinder.uasset" 290
"../../../Engine/Content/EngineMeshes/Sphere.uasset" 291
"../../../Engine/Content/EngineResources/Black.uasset" 292
"../../../Engine/Content/EngineResources/DefaultTexture.uasset" 293
"../../../Engine/Content/EngineResources/DefaultTextureCube.uasset" 294
"../../../Engine/Content/EngineResources/DefaultVolumeTexture2D.uasset" 295
"../../../Engine/Content/EngineResources/DefaultVolumeTexture.uasset" 296
"../../../Engine/Content/EngineResources/GradientTexture0.uasset" 297
"../../../Engine/Content/EngineResources/StreamingPauseIcon.uasset" 298
"../../../Engine/Content/EngineResources/M_StreamingPause.uasset" 299
"../../../Engine/Content/EngineSounds/Master.uasset" 300
"../../../Engine/Content/Functions/Engine_MaterialFunctions01/Shading/PowerToRoughness.uasset" 301
"../../../Engine/Content/Maps/Templates/Thumbnails/Default.uasset" 302
"../../../Engine/Content/Maps/Templates/Thumbnails/TimeOfDay.uasset" 303
"../../../Engine/Content/Maps/Templates/Thumbnails/VR-Basic.uasset" 304
"../../../Engine/Content/MapTemplates/Sky/DaylightAmbientCubemap.uasset" 305
"../../../Engine/Content/MaterialTemplates/Textures/T_Noise01.uasset" 306
"../../../Engine/Content/MobileResources/T_MobileControls_texture.uasset" 307
"../../../Engine/Content/MobileResources/T_MobileMenu2.uasset" 308
"../../../Engine/Content/MobileResources/HUD/AnalogHat.uasset" 309
"../../../Engine/Content/MobileResources/HUD/VirtualJoystick_Background.uasset" 310
"../../../Engine/Content/MobileResources/HUD/VirtualJoystick_Thumb.uasset" 311
"../../../Engine/Content/MobileResources/HUD/DefaultVirtualJoysticks.uasset" 312
"../../../Engine/Content/MobileResources/HUD/LeftVirtualJoystickOnly.uasset" 313
"../../../Engine/Content/MobileResources/HUD/MobileHUDButton1_off.uasset" 314
"../../../Engine/Content/MobileResources/HUD/MobileHUDButton1_on.uasset" 315
"../../../Engine/Content/MobileResources/HUD/MobileHUDButton2_off.uasset" 316
"../../../Engine/Content/MobileResources/HUD/MobileHUDButton2_on.uasset" 317
"../../../Engine/Content/MobileResources/HUD/MobileHUDButton3.uasset" 318
"../../../Engine/Content/MobileResources/HUD/MobileHUDButtonFire.uasset" 319
"../../../Engine/Content/MobileResources/HUD/MobileHUDDirectionPad.uasset" 320
"../../../Engine/Content/MobileResources/HUD/MobileHUDDirectionPad2.uasset" 321
"../../../Engine/Content/MobileResources/HUD/MobileHUDDirectionPad3.uasset" 322
"../../../Engine/Content/MobileResources/HUD/MobileHUDDirectionStick.uasset" 323
"../../../Engine/Content/MobileResources/HUD/T_Castle_ThumbstickInner.uasset" 324
"../../../Engine/Content/MobileResources/HUD/T_Castle_ThumbstickOutter.uasset" 325
"../../../Engine/Content/Tutorial/ContentIntroCurve.uasset" 326
"../../../Engine/Content/Tutorial/Basics/LevelEditorAttract.uasset" 327
"../../../Engine/Content/Tutorial/Basics/TutorialAssets/icon_tab_Levels_40x.uasset" 328
"../../../Engine/Content/Tutorial/Basics/LevelEditorOverview.uasset" 329
"../../../Engine/Content/Tutorial/BlueprintTutorials/TutorialAssets/Blueprint_64x.uasset" 330
"../../../Engine/Content/Tutorial/BlueprintTutorials/BlueprintEditorTutorial.uasset" 331
"../../../Engine/Content/Tutorial/BlueprintTutorials/TutorialAssets/Tutorial_BP_MacroLib.uasset" 332
"../../../Engine/Content/VREditor/LaserPointer/VR_LaserPower_01.uasset" 333
"../../../Engine/Content/VREditor/TransformGizmo/TransformGizmoMaterial.uasset" 334
"../../../Engine/Content/VREditor/TransformGizmo/TranslucentTransformGizmoMaterial.uasset" 335
"../../../Engine/Content/VREditor/TransformGizmo/BoundingBoxCorner.uasset" 336
"../../../Engine/Content/VREditor/TransformGizmo/BoundingBoxEdge.uasset" 337
"../../../Engine/Content/VREditor/TransformGizmo/PlaneTranslationHandle.uasset" 338
"../../../Engine/Content/VREditor/TransformGizmo/Main.uasset" 339
"../../../Engine/Content/VREditor/TransformGizmo/Xray.uasset" 340
"../../../Engine/Content/VREditor/TransformGizmo/SM_Sequencer_Key.uasset" 341
"../../../Engine/Content/VREditor/TransformGizmo/SM_Sequencer_Node.uasset" 342
"../../../../../../Users/Eric/Documents/GitHub/ProjetKingdom/Content/PolygonKnights/Textures/TEX_Characters_Black.uasset" 343
"../../../../../../Users/Eric/Documents/GitHub/ProjetKingdom/Content/PolygonKnights/Materials/Mat_Character_Knight_Black.uasset" 344
"../../../../../../Users/Eric/Documents/GitHub/ProjetKingdom/Content/PolygonKnights/Textures/TEX_Characters_Blue.uasset" 345
"../../../../../../Users/Eric/Documents/GitHub/ProjetKingdom/Content/PolygonKnights/Materials/Mat_Character_Knight_Blue.uasset" 346
"../../../Engine/Content/EngineMeshes/Humanoid.uasset" 347
"../../../../../../Users/Eric/Documents/GitHub/ProjetKingdom/Content/Main_Character/Skeleton/SK_Polygon.uasset" 348
"../../../../../../Users/Eric/Documents/GitHub/ProjetKingdom/Content/PolygonKnights/Meshes/Characters/SK_Character_Knight_02_PhysicsAsset.uasset" 349
"../../../../../../Users/Eric/Documents/GitHub/ProjetKingdom/Content/PolygonKnights/Meshes/Characters/SK_Character_Knight_02.uasset" 350
"../../../Engine/Content/Animation/DefaultAnimBoneCompressionSettings.uasset" 351
"../../../../../../Users/Eric/Documents/GitHub/ProjetKingdom/Content/Main_Character/Animation/MCO_Mocap_Basics/Character/Mesh/UE4_Mannequin_Skeleton.uasset" 352
"../../../../../../Users/Eric/Documents/GitHub/ProjetKingdom/Content/Main_Character/Animation/MCO_Mocap_Basics/Animation/Conversations/Root_Motion/Convo_01_Low_Key_Loop.uasset" 353
"../../../../../../Users/Eric/Documents/GitHub/ProjetKingdom/Content/MCO_Mocap_Basics/Animation/Conversations/Root_Motion/Convo_01_Low_Key_Loop.uasset" 354
"../../../../../../Users/Eric/Documents/GitHub/ProjetKingdom/Content/Main_Character/Animation/MCO_Mocap_Basics/Animation/Conversations/Root_Motion/Convo_11_Listening_Loop.uasset" 355
"../../../../../../Users/Eric/Documents/GitHub/ProjetKingdom/Content/MCO_Mocap_Basics/Animation/Conversations/Root_Motion/Convo_11_Listening_Loop.uasset" 356
"../../../../../../Users/Eric/Documents/GitHub/ProjetKingdom/Content/Main_Character/Animation/MCO_Mocap_Basics/Animation/Mobility_Pro/In_Place/MOB1_CrouchWalk_F_IPC.uasset" 357
"../../../../../../Users/Eric/Documents/GitHub/ProjetKingdom/Content/MCO_Mocap_Basics/Animation/Mobility_Pro/In_Place/MOB1_CrouchWalk_F_IPC.uasset" 358
"../../../../../../Users/Eric/Documents/GitHub/ProjetKingdom/Content/Main_Character/Animation/MCO_Mocap_Basics/Animation/Mobility_Pro/In_Place/MOB1_Crouch_Idle_V2_IPC.uasset" 359
"../../../../../../Users/Eric/Documents/GitHub/ProjetKingdom/Content/MCO_Mocap_Basics/Animation/Mobility_Pro/In_Place/MOB1_Crouch_Idle_V2_IPC.uasset" 360
"../../../../../../Users/Eric/Documents/GitHub/ProjetKingdom/Content/Main_Character/Animation/MCO_Mocap_Basics/Animation/Mobility_Pro/In_Place/MOB1_Jog_F_IPC.uasset" 361
"../../../../../../Users/Eric/Documents/GitHub/ProjetKingdom/Content/MCO_Mocap_Basics/Animation/Mobility_Pro/In_Place/MOB1_Jog_F_IPC.uasset" 362
"../../../../../../Users/Eric/Documents/GitHub/ProjetKingdom/Content/Main_Character/Animation/MCO_Mocap_Basics/Animation/Mobility_Pro/In_Place/MOB1_Jog_F_to_Stand_Relaxed_RU_IPC.uasset" 363
"../../../../../../Users/Eric/Documents/GitHub/ProjetKingdom/Content/MCO_Mocap_Basics/Animation/Mobility_Pro/In_Place/MOB1_Jog_F_to_Stand_Relaxed_RU_IPC.uasset" 364
"../../../../../../Users/Eric/Documents/GitHub/ProjetKingdom/Content/Main_Character/Animation/MCO_Mocap_Basics/Animation/Mobility_Pro/In_Place/MOB1_Run_F_IPC.uasset" 365
"../../../../../../Users/Eric/Documents/GitHub/ProjetKingdom/Content/MCO_Mocap_Basics/Animation/Mobility_Pro/In_Place/MOB1_Run_F_IPC.uasset" 366
"../../../../../../Users/Eric/Documents/GitHub/ProjetKingdom/Content/Main_Character/Animation/MCO_Mocap_Basics/Animation/Mobility_Pro/In_Place/MOB1_Run_F_to_Stand_Relaxed_RU_IPC.uasset" 367
"../../../../../../Users/Eric/Documents/GitHub/ProjetKingdom/Content/MCO_Mocap_Basics/Animation/Mobility_Pro/In_Place/MOB1_Run_F_to_Stand_Relaxed_RU_IPC.uasset" 368
"../../../../../../Users/Eric/Documents/GitHub/ProjetKingdom/Content/Main_Character/Animation/MCO_Mocap_Basics/Animation/Mobility_Pro/In_Place/MOB1_Stand_Relaxed_Death_B_IPC.uasset" 369
"../../../../../../Users/Eric/Documents/GitHub/ProjetKingdom/Content/MCO_Mocap_Basics/Animation/Mobility_Pro/In_Place/MOB1_Stand_Relaxed_Death_B_IPC.uasset" 370
"../../../../../../Users/Eric/Documents/GitHub/ProjetKingdom/Content/Main_Character/Animation/MCO_Mocap_Basics/Animation/Mobility_Pro/In_Place/MOB1_Stand_Relaxed_Fgt_v1_IPC.uasset" 371
"../../../../../../Users/Eric/Documents/GitHub/ProjetKingdom/Content/MCO_Mocap_Basics/Animation/Mobility_Pro/In_Place/MOB1_Stand_Relaxed_Fgt_v1_IPC.uasset" 372
"../../../../../../Users/Eric/Documents/GitHub/ProjetKingdom/Content/Main_Character/Animation/MCO_Mocap_Basics/Animation/Mobility_Pro/In_Place/MOB1_Stand_Relaxed_Fgt_v4_IPC.uasset" 373
"../../../../../../Users/Eric/Documents/GitHub/ProjetKingdom/Content/MCO_Mocap_Basics/Animation/Mobility_Pro/In_Place/MOB1_Stand_Relaxed_Fgt_v4_IPC.uasset" 374
"../../../../../../Users/Eric/Documents/GitHub/ProjetKingdom/Content/Main_Character/Animation/MCO_Mocap_Basics/Animation/Mobility_Pro/In_Place/MOB1_Stand_Relaxed_Idle_v2_IPC.uasset" 375
"../../../../../../Users/Eric/Documents/GitHub/ProjetKingdom/Content/MCO_Mocap_Basics/Animation/Mobility_Pro/In_Place/MOB1_Stand_Relaxed_Idle_v2_IPC.uasset" 376
"../../../../../../Users/Eric/Documents/GitHub/ProjetKingdom/Content/Main_Character/Animation/MCO_Mocap_Basics/Animation/Mobility_Pro/In_Place/MOB1_Walk_F_IPC.uasset" 377
"../../../../../../Users/Eric/Documents/GitHub/ProjetKingdom/Content/MCO_Mocap_Basics/Animation/Mobility_Pro/In_Place/MOB1_Walk_F_IPC.uasset" 378
"../../../../../../Users/Eric/Documents/GitHub/ProjetKingdom/Content/Main_Character/Animation/MCO_Mocap_Basics/Animation/Mobility_Pro/Root_Motion/MOB1_CrouchWalk_F.uasset" 379
"../../../../../../Users/Eric/Documents/GitHub/ProjetKingdom/Content/MCO_Mocap_Basics/Animation/Mobility_Pro/Root_Motion/MOB1_CrouchWalk_F.uasset" 380
"../../../../../../Users/Eric/Documents/GitHub/ProjetKingdom/Content/Main_Character/Animation/MCO_Mocap_Basics/Animation/Mobility_Pro/Root_Motion/MOB1_Crouch_Idle_V2.uasset" 381
"../../../../../../Users/Eric/Documents/GitHub/ProjetKingdom/Content/MCO_Mocap_Basics/Animation/Mobility_Pro/Root_Motion/MOB1_Crouch_Idle_V2.uasset" 382
"../../../../../../Users/Eric/Documents/GitHub/ProjetKingdom/Content/Main_Character/Animation/MCO_Mocap_Basics/Animation/Mobility_Pro/Root_Motion/MOB1_Jog_F.uasset" 383
"../../../../../../Users/Eric/Documents/GitHub/ProjetKingdom/Content/MCO_Mocap_Basics/Animation/Mobility_Pro/Root_Motion/MOB1_Jog_F.uasset" 384
"../../../../../../Users/Eric/Documents/GitHub/ProjetKingdom/Content/Main_Character/Animation/MCO_Mocap_Basics/Animation/Mobility_Pro/Root_Motion/MOB1_Jog_F_to_Stand_Relaxed_RU.uasset" 385
"../../../../../../Users/Eric/Documents/GitHub/ProjetKingdom/Content/MCO_Mocap_Basics/Animation/Mobility_Pro/Root_Motion/MOB1_Jog_F_to_Stand_Relaxed_RU.uasset" 386
"../../../../../../Users/Eric/Documents/GitHub/ProjetKingdom/Content/Main_Character/Animation/MCO_Mocap_Basics/Animation/Mobility_Pro/Root_Motion/MOB1_Run_F.uasset" 387
"../../../../../../Users/Eric/Documents/GitHub/ProjetKingdom/Content/MCO_Mocap_Basics/Animation/Mobility_Pro/Root_Motion/MOB1_Run_F.uasset" 388
"../../../../../../Users/Eric/Documents/GitHub/ProjetKingdom/Content/Main_Character/Animation/MCO_Mocap_Basics/Animation/Mobility_Pro/Root_Motion/MOB1_Run_F_to_Stand_Relaxed_RU.uasset" 389
"../../../../../../Users/Eric/Documents/GitHub/ProjetKingdom/Content/MCO_Mocap_Basics/Animation/Mobility_Pro/Root_Motion/MOB1_Run_F_to_Stand_Relaxed_RU.uasset" 390
"../../../../../../Users/Eric/Documents/GitHub/ProjetKingdom/Content/Main_Character/Animation/MCO_Mocap_Basics/Animation/Mobility_Pro/Root_Motion/MOB1_Stand_Relaxed_Death_B.uasset" 391
"../../../../../../Users/Eric/Documents/GitHub/ProjetKingdom/Content/MCO_Mocap_Basics/Animation/Mobility_Pro/Root_Motion/MOB1_Stand_Relaxed_Death_B.uasset" 392
"../../../../../../Users/Eric/Documents/GitHub/ProjetKingdom/Content/Main_Character/Animation/MCO_Mocap_Basics/Animation/Mobility_Pro/Root_Motion/MOB1_Stand_Relaxed_Fgt_v1.uasset" 393
"../../../../../../Users/Eric/Documents/GitHub/ProjetKingdom/Content/MCO_Mocap_Basics/Animation/Mobility_Pro/Root_Motion/MOB1_Stand_Relaxed_Fgt_v1.uasset" 394
"../../../../../../Users/Eric/Documents/GitHub/ProjetKingdom/Content/Main_Character/Animation/MCO_Mocap_Basics/Animation/Mobility_Pro/Root_Motion/MOB1_Stand_Relaxed_Fgt_v4.uasset" 395
"../../../../../../Users/Eric/Documents/GitHub/ProjetKingdom/Content/MCO_Mocap_Basics/Animation/Mobility_Pro/Root_Motion/MOB1_Stand_Relaxed_Fgt_v4.uasset" 396
"../../../../../../Users/Eric/Documents/GitHub/ProjetKingdom/Content/Main_Character/Animation/MCO_Mocap_Basics/Animation/Mobility_Pro/Root_Motion/MOB1_Stand_Relaxed_Idle_v2.uasset" 397
"../../../../../../Users/Eric/Documents/GitHub/ProjetKingdom/Content/MCO_Mocap_Basics/Animation/Mobility_Pro/Root_Motion/MOB1_Stand_Relaxed_Idle_v2.uasset" 398
"../../../../../../Users/Eric/Documents/GitHub/ProjetKingdom/Content/Main_Character/Animation/MCO_Mocap_Basics/Animation/Mobility_Pro/Root_Motion/MOB1_Walk_F.uasset" 399
"../../../../../../Users/Eric/Documents/GitHub/ProjetKingdom/Content/MCO_Mocap_Basics/Animation/Mobility_Pro/Root_Motion/MOB1_Walk_F.uasset" 400
"../../../../../../Users/Eric/Documents/GitHub/ProjetKingdom/Content/Main_Character/Animation/MCO_Mocap_Basics/Animation/Scared/In_Place/SCR_Walk_Scared_Fwd_Look_Left_Loop_IP.uasset" 401
"../../../../../../Users/Eric/Documents/GitHub/ProjetKingdom/Content/MCO_Mocap_Basics/Animation/Scared/In_Place/SCR_Walk_Scared_Fwd_Look_Left_Loop_IP.uasset" 402
"../../../../../../Users/Eric/Documents/GitHub/ProjetKingdom/Content/Main_Character/Animation/MCO_Mocap_Basics/Animation/Scared/In_Place/SCR_Walk_Scared_Fwd_Look_Right_Loop_IP.uasset" 403
"../../../../../../Users/Eric/Documents/GitHub/ProjetKingdom/Content/MCO_Mocap_Basics/Animation/Scared/In_Place/SCR_Walk_Scared_Fwd_Look_Right_Loop_IP.uasset" 404
"../../../../../../Users/Eric/Documents/GitHub/ProjetKingdom/Content/Main_Character/Animation/MCO_Mocap_Basics/Animation/Scared/Root_Motion/SCR_Walk_Scared_Fwd_Look_Left_Loop.uasset" 405
"../../../../../../Users/Eric/Documents/GitHub/ProjetKingdom/Content/MCO_Mocap_Basics/Animation/Scared/Root_Motion/SCR_Walk_Scared_Fwd_Look_Left_Loop.uasset" 406
"../../../../../../Users/Eric/Documents/GitHub/ProjetKingdom/Content/Main_Character/Animation/MCO_Mocap_Basics/Animation/Scared/Root_Motion/SCR_Walk_Scared_Fwd_Look_Right_Loop.uasset" 407
"../../../../../../Users/Eric/Documents/GitHub/ProjetKingdom/Content/MCO_Mocap_Basics/Animation/Scared/Root_Motion/SCR_Walk_Scared_Fwd_Look_Right_Loop.uasset" 408
"../../../../../../Users/Eric/Documents/GitHub/ProjetKingdom/Content/Main_Character/Animation/MCO_Mocap_Basics/Animation/Walks/In_Place/Walk_02_Cheerful_Loop_IP.uasset" 409
"../../../../../../Users/Eric/Documents/GitHub/ProjetKingdom/Content/MCO_Mocap_Basics/Animation/Walks/In_Place/Walk_02_Cheerful_Loop_IP.uasset" 410
"../../../../../../Users/Eric/Documents/GitHub/ProjetKingdom/Content/Main_Character/Animation/MCO_Mocap_Basics/Animation/Walks/In_Place/Walk_04_Texting_Loop_IP.uasset" 411
"../../../../../../Users/Eric/Documents/GitHub/ProjetKingdom/Content/MCO_Mocap_Basics/Animation/Walks/In_Place/Walk_04_Texting_Loop_IP.uasset" 412
"../../../../../../Users/Eric/Documents/GitHub/ProjetKingdom/Content/Main_Character/Animation/MCO_Mocap_Basics/Animation/Walks/In_Place/Walk_06_Look_Around_Loop_IP.uasset" 413
"../../../../../../Users/Eric/Documents/GitHub/ProjetKingdom/Content/MCO_Mocap_Basics/Animation/Walks/In_Place/Walk_06_Look_Around_Loop_IP.uasset" 414
"../../../../../../Users/Eric/Documents/GitHub/ProjetKingdom/Content/Main_Character/Animation/MCO_Mocap_Basics/Animation/Walks/In_Place/Walk_08_Listen_Music_Loop_IP.uasset" 415
"../../../../../../Users/Eric/Documents/GitHub/ProjetKingdom/Content/MCO_Mocap_Basics/Animation/Walks/In_Place/Walk_08_Listen_Music_Loop_IP.uasset" 416
"../../../../../../Users/Eric/Documents/GitHub/ProjetKingdom/Content/Main_Character/Animation/MCO_Mocap_Basics/Animation/Walks/In_Place/Walk_13_Power_Walk_Loop_IP.uasset" 417
"../../../../../../Users/Eric/Documents/GitHub/ProjetKingdom/Content/MCO_Mocap_Basics/Animation/Walks/In_Place/Walk_13_Power_Walk_Loop_IP.uasset" 418
"../../../../../../Users/Eric/Documents/GitHub/ProjetKingdom/Content/Main_Character/Animation/MCO_Mocap_Basics/Animation/Walks/Root_Motion/Walk_02_Cheerful_Loop.uasset" 419
"../../../../../../Users/Eric/Documents/GitHub/ProjetKingdom/Content/MCO_Mocap_Basics/Animation/Walks/Root_Motion/Walk_02_Cheerful_Loop.uasset" 420
"../../../../../../Users/Eric/Documents/GitHub/ProjetKingdom/Content/Main_Character/Animation/MCO_Mocap_Basics/Animation/Walks/Root_Motion/Walk_04_Texting_Loop.uasset" 421
"../../../../../../Users/Eric/Documents/GitHub/ProjetKingdom/Content/MCO_Mocap_Basics/Animation/Walks/Root_Motion/Walk_04_Texting_Loop.uasset" 422
"../../../../../../Users/Eric/Documents/GitHub/ProjetKingdom/Content/Main_Character/Animation/MCO_Mocap_Basics/Animation/Walks/Root_Motion/Walk_06_Look_Around_Loop.uasset" 423
"../../../../../../Users/Eric/Documents/GitHub/ProjetKingdom/Content/MCO_Mocap_Basics/Animation/Walks/Root_Motion/Walk_06_Look_Around_Loop.uasset" 424
"../../../../../../Users/Eric/Documents/GitHub/ProjetKingdom/Content/Main_Character/Animation/MCO_Mocap_Basics/Animation/Walks/Root_Motion/Walk_08_Listen_Music_Loop.uasset" 425
"../../../../../../Users/Eric/Documents/GitHub/ProjetKingdom/Content/MCO_Mocap_Basics/Animation/Walks/Root_Motion/Walk_08_Listen_Music_Loop.uasset" 426
"../../../../../../Users/Eric/Documents/GitHub/ProjetKingdom/Content/Main_Character/Animation/MCO_Mocap_Basics/Animation/Walks/Root_Motion/Walk_13_Power_Walk_Loop.uasset" 427
"../../../../../../Users/Eric/Documents/GitHub/ProjetKingdom/Content/MCO_Mocap_Basics/Animation/Walks/Root_Motion/Walk_13_Power_Walk_Loop.uasset" 428
"../../../Engine/Content/Functions/MaterialLayerFunctions/MatLayerBlend_AO.uasset" 429
"../../../Engine/Content/Functions/Engine_MaterialFunctions02/Utility/BlendAngleCorrectedNormals.uasset" 430
"../../../Engine/Content/Functions/MaterialLayerFunctions/MatLayerBlend_NormalBlend.uasset" 431
"../../../Engine/Content/Functions/MaterialLayerFunctions/MatLayerBlend_Simple.uasset" 432
"../../../../../../Users/Eric/Documents/GitHub/ProjetKingdom/Content/Main_Character/Animation/MCO_Mocap_Basics/Character/Materials/MaterialLayers/T_ML_Rubber_Blue_01_D.uasset" 433
"../../../../../../Users/Eric/Documents/GitHub/ProjetKingdom/Content/Main_Character/Animation/MCO_Mocap_Basics/Character/Materials/MaterialLayers/T_ML_Rubber_Blue_01_N.uasset" 434
"../../../../../../Users/Eric/Documents/GitHub/ProjetKingdom/Content/Main_Character/Animation/MCO_Mocap_Basics/Character/Materials/MaterialLayers/ML_GlossyBlack_Latex_UE4.uasset" 435
"../../../../../../Users/Eric/Documents/GitHub/ProjetKingdom/Content/Main_Character/Animation/MCO_Mocap_Basics/Character/Materials/MaterialLayers/ML_Plastic_Shiny_Beige.uasset" 436
"../../../../../../Users/Eric/Documents/GitHub/ProjetKingdom/Content/Main_Character/Animation/MCO_Mocap_Basics/Character/Textures/UE4_LOGO_CARD.uasset" 437
"../../../../../../Users/Eric/Documents/GitHub/ProjetKingdom/Content/Main_Character/Animation/MCO_Mocap_Basics/Character/Materials/MaterialLayers/ML_Plastic_Shiny_Beige_LOGO.uasset" 438
"../../../../../../Users/Eric/Documents/GitHub/ProjetKingdom/Content/Main_Character/Animation/MCO_Mocap_Basics/Character/Materials/MaterialLayers/T_ML_Aluminum01.uasset" 439
"../../../../../../Users/Eric/Documents/GitHub/ProjetKingdom/Content/Main_Character/Animation/MCO_Mocap_Basics/Character/Materials/MaterialLayers/T_ML_Aluminum01_N.uasset" 440
"../../../../../../Users/Eric/Documents/GitHub/ProjetKingdom/Content/Main_Character/Animation/MCO_Mocap_Basics/Character/Materials/MaterialLayers/ML_SoftMetal_UE4.uasset" 441
"../../../../../../Users/Eric/Documents/GitHub/ProjetKingdom/Content/Main_Character/Animation/MCO_Mocap_Basics/Character/Textures/UE4_Mannequin__normals.uasset" 442
"../../../../../../Users/Eric/Documents/GitHub/ProjetKingdom/Content/Main_Character/Animation/MCO_Mocap_Basics/Character/Textures/UE4_Mannequin_MAT_MASKA.uasset" 443
"../../../../../../Users/Eric/Documents/GitHub/ProjetKingdom/Content/Main_Character/Animation/MCO_Mocap_Basics/Character/Textures/UE4_Mannequin_occlusion.uasset" 444
"../../../../../../Users/Eric/Documents/GitHub/ProjetKingdom/Content/Main_Character/Animation/MCO_Mocap_Basics/Character/Materials/M_UE4Man_Body.uasset" 445
"../../../../../../Users/Eric/Documents/GitHub/ProjetKingdom/Content/MCO_Mocap_Basics/Character/Materials/M_UE4Man_Body.uasset" 446
"../../../../../../Users/Eric/Documents/GitHub/ProjetKingdom/Content/Main_Character/Animation/MCO_Mocap_Basics/Character/Textures/UE4Man_Logo_N.uasset" 447
"../../../../../../Users/Eric/Documents/GitHub/ProjetKingdom/Content/Main_Character/Animation/MCO_Mocap_Basics/Character/Materials/M_UE4Man_ChestLogo.uasset" 448
"../../../../../../Users/Eric/Documents/GitHub/ProjetKingdom/Content/MCO_Mocap_Basics/Character/Materials/M_UE4Man_ChestLogo.uasset" 449
"../../../../../../Users/Eric/Documents/GitHub/ProjetKingdom/Content/MCO_Mocap_Basics/Character/Materials/MaterialLayers/ML_GlossyBlack_Latex_UE4.uasset" 450
"../../../../../../Users/Eric/Documents/GitHub/ProjetKingdom/Content/MCO_Mocap_Basics/Character/Materials/MaterialLayers/ML_Plastic_Shiny_Beige.uasset" 451
"../../../../../../Users/Eric/Documents/GitHub/ProjetKingdom/Content/MCO_Mocap_Basics/Character/Materials/MaterialLayers/ML_Plastic_Shiny_Beige_LOGO.uasset" 452
"../../../../../../Users/Eric/Documents/GitHub/ProjetKingdom/Content/MCO_Mocap_Basics/Character/Materials/MaterialLayers/ML_SoftMetal_UE4.uasset" 453
"../../../../../../Users/Eric/Documents/GitHub/ProjetKingdom/Content/MCO_Mocap_Basics/Character/Materials/MaterialLayers/T_ML_Aluminum01.uasset" 454
"../../../../../../Users/Eric/Documents/GitHub/ProjetKingdom/Content/MCO_Mocap_Basics/Character/Materials/MaterialLayers/T_ML_Aluminum01_N.uasset" 455
"../../../../../../Users/Eric/Documents/GitHub/ProjetKingdom/Content/MCO_Mocap_Basics/Character/Materials/MaterialLayers/T_ML_Rubber_Blue_01_D.uasset" 456
"../../../../../../Users/Eric/Documents/GitHub/ProjetKingdom/Content/MCO_Mocap_Basics/Character/Materials/MaterialLayers/T_ML_Rubber_Blue_01_N.uasset" 457
"../../../../../../Users/Eric/Documents/GitHub/ProjetKingdom/Content/Main_Character/Animation/MCO_Mocap_Basics/Character/Mesh/SK_Mannequin_PhysicsAsset.uasset" 458
"../../../../../../Users/Eric/Documents/GitHub/ProjetKingdom/Content/Main_Character/Animation/MCO_Mocap_Basics/Character/Mesh/SK_Mannequin.uasset" 459
"../../../../../../Users/Eric/Documents/GitHub/ProjetKingdom/Content/MCO_Mocap_Basics/Character/Mesh/SK_Mannequin.uasset" 460
"../../../../../../Users/Eric/Documents/GitHub/ProjetKingdom/Content/Main_Character/Animation/MCO_Mocap_Basics/Character/Mesh/SK_Mannequin_Anim.uasset" 461
"../../../../../../Users/Eric/Documents/GitHub/ProjetKingdom/Content/MCO_Mocap_Basics/Character/Mesh/SK_Mannequin_Anim.uasset" 462
"../../../../../../Users/Eric/Documents/GitHub/ProjetKingdom/Content/MCO_Mocap_Basics/Character/Mesh/SK_Mannequin_PhysicsAsset.uasset" 463
"../../../../../../Users/Eric/Documents/GitHub/ProjetKingdom/Content/MCO_Mocap_Basics/Character/Mesh/UE4_Mannequin_Skeleton.uasset" 464
"../../../../../../Users/Eric/Documents/GitHub/ProjetKingdom/Content/MCO_Mocap_Basics/Character/Textures/UE4Man_Logo_N.uasset" 465
"../../../../../../Users/Eric/Documents/GitHub/ProjetKingdom/Content/MCO_Mocap_Basics/Character/Textures/UE4_LOGO_CARD.uasset" 466
"../../../../../../Users/Eric/Documents/GitHub/ProjetKingdom/Content/MCO_Mocap_Basics/Character/Textures/UE4_Mannequin_MAT_MASKA.uasset" 467
"../../../../../../Users/Eric/Documents/GitHub/ProjetKingdom/Content/MCO_Mocap_Basics/Character/Textures/UE4_Mannequin__normals.uasset" 468
"../../../../../../Users/Eric/Documents/GitHub/ProjetKingdom/Content/MCO_Mocap_Basics/Character/Textures/UE4_Mannequin_occlusion.uasset" 469
"../../../../../../Users/Eric/Documents/GitHub/ProjetKingdom/Content/Main_Character/MCO_Mocap_Basics/Overview.uasset" 470
"../../../../../../Users/Eric/Documents/GitHub/ProjetKingdom/Content/MCO_Mocap_Basics/Overview.uasset" 471
"../../../../../../Users/Eric/Documents/GitHub/ProjetKingdom/Content/PolygonNature/Materials/Misc/Mat_Fnc_WorldPosition.uasset" 472
"../../../../../../Users/Eric/Documents/GitHub/ProjetKingdom/Content/PolygonNature/Textures/Terrain/T_BaseGrass_normals.uasset" 473
"../../../../../../Users/Eric/Documents/GitHub/ProjetKingdom/Content/PolygonNature/Materials/Misc/Mat_Clear_Water.uasset" 474
"../../../Engine/Content/Functions/Engine_MaterialFunctions03/Blends/Blend_Overlay.uasset" 475
"../../../../../../Users/Eric/Documents/GitHub/ProjetKingdom/Content/PolygonNature/Materials/Alt/Mat_Fnc_WorldCoord.uasset" 476
"../../../../../../Users/Eric/Documents/GitHub/ProjetKingdom/Content/PolygonNature/Textures/Misc/T_Misc_BlurNoise.uasset" 477
"../../../../../../Users/Eric/Documents/GitHub/ProjetKingdom/Content/PolygonNature/Textures/Misc/T_Misc_Noise_Big.uasset" 478
"../../../../../../Users/Eric/Documents/GitHub/ProjetKingdom/Content/PolygonNature/Textures/T_Leaves_Birch.uasset" 479
"../../../../../../Users/Eric/Documents/GitHub/ProjetKingdom/Content/PolygonNature/Textures/T_Leaves_Generic_Mask.uasset" 480
"../../../../../../Users/Eric/Documents/GitHub/ProjetKingdom/Content/PolygonNature/Materials/Base/Mat_Tree_base.uasset" 481
"../../../../../../Users/Eric/Documents/GitHub/ProjetKingdom/Content/PolygonNature/Textures/T_Leaves_Pine.uasset" 482
"../../../../../../Users/Eric/Documents/GitHub/ProjetKingdom/Content/PolygonNature/Materials/Alt/Mat_Tree_Pine_Inst.uasset" 483
"../../../../../../Users/Eric/Documents/GitHub/ProjetKingdom/Content/PolygonNature/Meshes/Trees/SM_Tree_Pine_Small_02.uasset" 484
"../../../../../../Users/Eric/Documents/GitHub/ProjetKingdom/Content/Main_Character/Animation/ThirdPerson_Jump.uasset" 485
"../../../../../../Users/Eric/Documents/GitHub/ProjetKingdom/Content/Main_Character/Animation/ThirdPersonJump_Loop.uasset" 486
"../../../../../../Users/Eric/Documents/GitHub/ProjetKingdom/Content/Main_Character/Animation/ThirdPersonJump_Start.uasset" 487
"../../../../../../Users/Eric/Documents/GitHub/ProjetKingdom/Content/Main_Character/Animation/ThirdPersonIdle.uasset" 488
"../../../../../../Users/Eric/Documents/GitHub/ProjetKingdom/Content/Main_Character/Animation/ThirdPersonRun.uasset" 489
"../../../../../../Users/Eric/Documents/GitHub/ProjetKingdom/Content/Main_Character/Animation/ThirdPersonWalk.uasset" 490
"../../../../../../Users/Eric/Documents/GitHub/ProjetKingdom/Content/Main_Character/Animation/ThirdPerson_IdleRun_2D.uasset" 491
"../../../../../../Users/Eric/Documents/GitHub/ProjetKingdom/Content/Main_Character/Animation/Unarmed_ABP.uasset" 492
"../../../../../../Users/Eric/Documents/GitHub/ProjetKingdom/Content/Compass/Compass_Marker.uasset" 493
"../../../../../../Users/Eric/Documents/GitHub/ProjetKingdom/Content/Compass/Compass_Points.uasset" 494
"../../../../../../Users/Eric/Documents/GitHub/ProjetKingdom/Content/Compass/Compass_HUD2.uasset" 495
"../../../../../../Users/Eric/Documents/GitHub/ProjetKingdom/Content/PolygonKnights/Meshes/Characters/SK_Character_Knight_01_PhysicsAsset.uasset" 496
"../../../../../../Users/Eric/Documents/GitHub/ProjetKingdom/Content/PolygonKnights/Meshes/Characters/SK_Character_Knight_01.uasset" 497
"../../../../../../Users/Eric/Documents/GitHub/ProjetKingdom/Content/Main_Character/Blueprints/Player_BP.uasset" 498
"../../../../../../Users/Eric/Documents/GitHub/ProjetKingdom/Content/ThirdPersonBP/Blueprints/ThirdPersonGameMode.uasset" 499
"../../Plugins/2D/Paper2D/Content/PlaceholderTextures/DummySpriteTexture.uasset" 500
"../../Plugins/2D/Paper2D/Content/DummySprite.uasset" 501
"../../Plugins/2D/Paper2D/Content/DefaultPaperTerrainMaterial.uasset" 502
"../../Plugins/2D/Paper2D/Content/DefaultSpriteMaterial.uasset" 503
"../../Plugins/2D/Paper2D/Content/MaskedUnlitSpriteMaterial.uasset" 504
"../../Plugins/2D/Paper2D/Content/OpaqueUnlitSpriteMaterial.uasset" 505
"../../Plugins/FX/Niagara/Content/Enums/ENiagaraAnimTrailWidthMode.uasset" 506
"../../Plugins/FX/Niagara/Content/Enums/ENiagaraBoneSamplingMode.uasset" 507
"../../Plugins/FX/Niagara/Content/Enums/ENiagaraBoneSocketSamplingMode.uasset" 508
"../../Plugins/FX/Niagara/Content/Enums/ENiagaraBooleanLogicOps.uasset" 509
"../../Plugins/FX/Niagara/Content/Enums/ENiagaraBooleanLogicOps_v2.uasset" 510
"../../Plugins/FX/Niagara/Content/Enums/ENiagaraCalculateRadiusOptions.uasset" 511
"../../Plugins/FX/Niagara/Content/Enums/ENiagaraChannelCorrelation.uasset" 512
"../../Plugins/FX/Niagara/Content/Enums/ENiagaraCollisionRadiusOptions.uasset" 513
"../../Plugins/FX/Niagara/Content/Enums/ENiagaraCoordinateSpace.uasset" 514
"../../Plugins/FX/Niagara/Content/Enums/ENiagaraCurlNoiseQuality.uasset" 515
"../../Plugins/FX/Niagara/Content/Enums/ENiagaraEmitterLifeCycleMode.uasset" 516
"../../Plugins/FX/Niagara/Content/Enums/ENiagaraEmitterScalabilityMode.uasset" 517
"../../Plugins/FX/Niagara/Content/Enums/ENiagaraEmitterScalabilityMode_Limited.uasset" 518
"../../Plugins/FX/Niagara/Content/Enums/ENiagaraExecutionStateManagement.uasset" 519
"../../Plugins/FX/Niagara/Content/Enums/ENiagaraExpansionMode.uasset" 520
"../../Plugins/FX/Niagara/Content/Enums/ENiagaraFrictionMergeType.uasset" 521
"../../Plugins/FX/Niagara/Content/Enums/ENiagaraGPUDepthResponseType.uasset" 522
"../../Plugins/FX/Niagara/Content/Enums/ENiagaraGridPlacementType.uasset" 523
"../../Plugins/FX/Niagara/Content/Enums/ENiagaraInactiveMode.uasset" 524
"../../Plugins/FX/Niagara/Content/Enums/ENiagaraKillVolumeOptions.uasset" 525
"../../Plugins/FX/Niagara/Content/Enums/ENiagaraLinearColor_Channels.uasset" 526
"../../Plugins/FX/Niagara/Content/Enums/ENiagaraMassByVolume.uasset" 527
"../../Plugins/FX/Niagara/Content/Enums/ENiagaraMassCalculationForRendererTypes.uasset" 528
"../../Plugins/FX/Niagara/Content/Enums/ENiagaraMeshOrSprite.uasset" 529
"../../Plugins/FX/Niagara/Content/Enums/ENiagaraMeshSamplingMode.uasset" 530
"../../Plugins/FX/Niagara/Content/Enums/ENiagaraMeshSurfaceSamplingMode.uasset" 531
"../../Plugins/FX/Niagara/Content/Enums/ENiagaraMeshTransforms.uasset" 532
"../../Plugins/FX/Niagara/Content/Enums/ENiagaraMinOrMax.uasset" 533
"../../Plugins/FX/Niagara/Content/Enums/ENiagaraOrientationAxis.uasset" 534
"../../Plugins/FX/Niagara/Content/Enums/ENiagaraRandomnessMode.uasset" 535
"../../Plugins/FX/Niagara/Content/Enums/ENiagaraRestitutionMergeType.uasset" 536
"../../Plugins/FX/Niagara/Content/Enums/ENiagaraScaleColorMode.uasset" 537
"../../Plugins/FX/Niagara/Content/Enums/ENiagaraSimulationTarget.uasset" 538
"../../Plugins/FX/Niagara/Content/Enums/ENiagaraSkeletalSpawning.uasset" 539
"../../Plugins/FX/Niagara/Content/Enums/ENiagaraSkelSamplingFilteringMode.uasset" 540
"../../Plugins/FX/Niagara/Content/Enums/ENiagaraSkelSamplingModeFull.uasset" 541
"../../Plugins/FX/Niagara/Content/Enums/ENiagaraSocketSamplingMode.uasset" 542
"../../Plugins/FX/Niagara/Content/Enums/ENiagaraSUbUVAnimationMode.uasset" 543
"../../Plugins/FX/Niagara/Content/Enums/ENiagaraSystemInactiveMode.uasset" 544
"../../Plugins/FX/Niagara/Content/Enums/ENiagaraTorusDistributionMode.uasset" 545
"../../Plugins/FX/Niagara/Content/Enums/ENiagaraTorusMode.uasset" 546
"../../Plugins/FX/Niagara/Content/Enums/ENiagaraTriangleSamplingMode.uasset" 547
"../../Plugins/FX/Niagara/Content/Enums/ENiagaraVector2_Channels.uasset" 548
"../../Plugins/FX/Niagara/Content/Enums/ENiagaraVector3_Channels.uasset" 549
"../../Plugins/FX/Niagara/Content/Enums/ENiagaraVector4_Channels.uasset" 550
"../../Plugins/FX/Niagara/Content/Enums/ENiagaraVertexFilteringMode.uasset" 551
"../../Plugins/FX/Niagara/Content/Enums/ENiagaraVertexSamplingMode.uasset" 552
"../../Plugins/FX/Niagara/Content/Enums/ENiagara_CameraMeshOrientation.uasset" 553
"../../Plugins/FX/Niagara/Content/Enums/ENiagara_CameraProperties.uasset" 554
"../../Plugins/FX/Niagara/Content/Enums/ENiagara_CollisionType.uasset" 555
"../../Plugins/FX/Niagara/Content/Enums/ENiagara_CPUCollisionType.uasset" 556
"../../Plugins/FX/Niagara/Content/Enums/ENiagara_EmitterStateOptions.uasset" 557
"../../Plugins/FX/Niagara/Content/Enums/ENiagara_Float4Channel.uasset" 558
"../../Plugins/FX/Niagara/Content/Enums/ENiagara_GPUCollisionType.uasset" 559
"../../Plugins/FX/Niagara/Content/Enums/ENiagara_InfiniteLoopDuration.uasset" 560
"../../Plugins/FX/Niagara/Content/Icons/S_ParticleSystem.uasset" 561
"../../../Engine/Content/Functions/Engine_MaterialFunctions02/Utility/BreakOutFloat4Components.uasset" 562
"../../Plugins/Runtime/Oculus/OculusVR/Content/Materials/OculusMR_ChromaKey.uasset" 563
"../../Plugins/Runtime/Oculus/OculusVR/Content/Materials/OculusMR_ChromaKey_Lit.uasset" 564
"../../Plugins/Runtime/Oculus/OculusVR/Content/Materials/OculusMR_OpaqueColoredMaterial.uasset" 565
"../../Plugins/Runtime/Oculus/OculusVR/Content/Materials/OculusMR_WhiteMaterial.uasset" 566
"../../../Engine/Content/EngineSky/C_Sky_Cloud_Color.uasset" 567
"../../../Engine/Content/EngineSky/C_Sky_Horizon_Color.uasset" 568
"../../../Engine/Content/EngineSky/C_Sky_Zenith_Color.uasset" 569
"../../../Engine/Content/EngineSky/T_Sky_Blue.uasset" 570
"../../../Engine/Content/EngineSky/T_Sky_Clouds_M.uasset" 571
"../../../Engine/Content/EngineSky/T_Sky_Stars.uasset" 572
"../../../Engine/Content/EngineSky/M_Sky_Panning_Clouds2.uasset" 573
"../../../Engine/Content/EngineSky/SM_SkySphere.uasset" 574
"../../../Engine/Content/EngineSky/BP_Sky_Sphere.uasset" 575
"../../Plugins/Runtime/SunPosition/Content/Editor/M_ArrowColor.uasset" 576
"../../Plugins/Runtime/SunPosition/Content/Editor/MI_ArrowColorGrey.uasset" 577
"../../Plugins/Runtime/SunPosition/Content/Editor/MI_ArrowColorRed.uasset" 578
"../../Plugins/Runtime/SunPosition/Content/Editor/SM_Compass.uasset" 579
"../../Plugins/Runtime/SunPosition/Content/SunSky.uasset" 580
"../../../Engine/Content/Maps/Entry_BuiltData.uasset" 581
"../../../Engine/Content/Maps/Entry.umap" 582
"../../../../../../Users/Eric/Documents/GitHub/ProjetKingdom/Content/StylizedSky/CurveData/DirectionalLight_BrightnessCurve.uasset" 583
"../../../../../../Users/Eric/Documents/GitHub/ProjetKingdom/Content/StylizedSky/CurveData/Cloud_ColourCurve.uasset" 584
"../../../../../../Users/Eric/Documents/GitHub/ProjetKingdom/Content/StylizedSky/CurveData/CloudZenith_ColourCurve.uasset" 585
"../../../../../../Users/Eric/Documents/GitHub/ProjetKingdom/Content/StylizedSky/CurveData/Horizon_ColourCurve.uasset" 586
"../../../../../../Users/Eric/Documents/GitHub/ProjetKingdom/Content/StylizedSky/CurveData/RimCloud_ColourCurve.uasset" 587
"../../../../../../Users/Eric/Documents/GitHub/ProjetKingdom/Content/StylizedSky/CurveData/Zenith_ColourCurve.uasset" 588
"../../../Engine/Content/Functions/Engine_MaterialFunctions02/Texturing/ScreenAlignedPixelToPixelUVs.uasset" 589
"../../../Engine/Content/EngineMaterials/Good64x64TilingNoiseHighFreq.uasset" 590
"../../../Engine/Content/Functions/Engine_MaterialFunctions02/Utility/DitherTemporalAA.uasset" 591
"../../../../../../Users/Eric/Documents/GitHub/ProjetKingdom/Content/StylizedSky/Materials/CloudDome_M.uasset" 592
"../../../../../../Users/Eric/Documents/GitHub/ProjetKingdom/Content/StylizedSky/Materials/CloudDome_MI.uasset" 593
"../../../../../../Users/Eric/Documents/GitHub/ProjetKingdom/Content/StylizedSky/Materials/SkySphere_M.uasset" 594
"../../../../../../Users/Eric/Documents/GitHub/ProjetKingdom/Content/StylizedSky/Materials/SkySphere_MI.uasset" 595
"../../../../../../Users/Eric/Documents/GitHub/ProjetKingdom/Content/StylizedSky/Mesh/CloudDome.uasset" 596
"../../../../../../Users/Eric/Documents/GitHub/ProjetKingdom/Content/StylizedSky/Mesh/SkySphereMesh.uasset" 597
"../../../../../../Users/Eric/Documents/GitHub/ProjetKingdom/Content/StylizedSky/StylizedSkySphere_A.uasset" 598
"../../../Engine/Content/Functions/Engine_MaterialFunctions01/ImageAdjustment/Contrast_Preserve_Color.uasset" 599
"../../../Engine/Content/Functions/Engine_MaterialFunctions01/SpeedTree/SpeedTreeColorVariation.uasset" 600
"../../../Engine/Content/Functions/Engine_MaterialFunctions01/WorldPositionOffset/SimpleGrassWind.uasset" 601
"../../../Engine/Content/Functions/Engine_MaterialFunctions03/Blends/Blend_Lighten.uasset" 602
"../../../Engine/Content/Functions/Engine_MaterialFunctions03/Blends/Blend_SoftLight.uasset" 603
"../../../../../../Users/Eric/Documents/GitHub/ProjetKingdom/Content/PolygonNature/Textures/Misc/T_BlurNoise.uasset" 604
"../../../../../../Users/Eric/Documents/GitHub/ProjetKingdom/Content/PolygonNature/Textures/Misc/T_Mask_Black.uasset" 605
"../../../../../../Users/Eric/Documents/GitHub/ProjetKingdom/Content/PolygonNature/Textures/T_Grass_Card_02.uasset" 606
"../../../../../../Users/Eric/Documents/GitHub/ProjetKingdom/Content/PolygonNature/Textures/T_GrassFlower.uasset" 607
"../../../../../../Users/Eric/Documents/GitHub/ProjetKingdom/Content/PolygonNature/Textures/T_GrassFlower_Mask.uasset" 608
"../../../../../../Users/Eric/Documents/GitHub/ProjetKingdom/Content/PolygonNature/Materials/Base/Mat_Grass_Card_01.uasset" 609
"../../../../../../Users/Eric/Documents/GitHub/ProjetKingdom/Content/PolygonNature/Meshes/Plants/SM_GrassMeshPatch_01.uasset" 610
"../../../../../../Users/Eric/Documents/GitHub/ProjetKingdom/Content/Landscape/Foliage/FT_Grass1.uasset" 611
"../../../../../../Users/Eric/Documents/GitHub/ProjetKingdom/Content/PolygonNature/Materials/Mat_Tree_Birch_Inst.uasset" 612
"../../../../../../Users/Eric/Documents/GitHub/ProjetKingdom/Content/PolygonNature/Meshes/Trees/SM_Tree_Generic_01.uasset" 613
"../../../../../../Users/Eric/Documents/GitHub/ProjetKingdom/Content/Landscape/Foliage/FT_Oak1.uasset" 614
"../../../../../../Users/Eric/Documents/GitHub/ProjetKingdom/Content/PolygonNature/Meshes/Trees/SM_Tree_Pine_01.uasset" 615
"../../../../../../Users/Eric/Documents/GitHub/ProjetKingdom/Content/Landscape/Foliage/FT_Pine1.uasset" 616
"../../../../../../Users/Eric/Documents/GitHub/ProjetKingdom/Content/PolygonNature/Meshes/Trees/SM_Tree_Pine_02.uasset" 617
"../../../../../../Users/Eric/Documents/GitHub/ProjetKingdom/Content/Landscape/Foliage/FT_Pine2.uasset" 618
"../../../../../../Users/Eric/Documents/GitHub/ProjetKingdom/Content/PolygonNature/Meshes/Trees/SM_Tree_Pine_Small_01.uasset" 619
"../../../../../../Users/Eric/Documents/GitHub/ProjetKingdom/Content/Landscape/Foliage/FT_Pine3.uasset" 620
"../../../../../../Users/Eric/Documents/GitHub/ProjetKingdom/Content/PolygonNature/Meshes/Trees/SM_Tree_Pine_Large_01.uasset" 621
"../../../../../../Users/Eric/Documents/GitHub/ProjetKingdom/Content/Landscape/Foliage/FT_Pine5.uasset" 622
"../../../../../../Users/Eric/Documents/GitHub/ProjetKingdom/Content/PolygonNature/Textures/T_Plant_Trunk_Mask_Classic.uasset" 623
"../../../../../../Users/Eric/Documents/GitHub/ProjetKingdom/Content/PolygonNature/Textures/T_PolygonNature_01.uasset" 624
"../../../../../../Users/Eric/Documents/GitHub/ProjetKingdom/Content/PolygonNature/Materials/Mat_Plant_Generic_Inst.uasset" 625
"../../../../../../Users/Eric/Documents/GitHub/ProjetKingdom/Content/PolygonNature/Meshes/Plants/SM_Plant_01.uasset" 626
"../../../../../../Users/Eric/Documents/GitHub/ProjetKingdom/Content/Landscape/Foliage/FT_Plant1.uasset" 627
"../../../../../../Users/Eric/Documents/GitHub/ProjetKingdom/Content/PolygonNature/Meshes/Plants/SM_Plant_06.uasset" 628
"../../../../../../Users/Eric/Documents/GitHub/ProjetKingdom/Content/Landscape/Foliage/FT_Plant2.uasset" 629
"../../../../../../Users/Eric/Documents/GitHub/ProjetKingdom/Content/PolygonNature/Materials/Mat_PolygonNature_01.uasset" 630
"../../../../../../Users/Eric/Documents/GitHub/ProjetKingdom/Content/PolygonNature/Meshes/Rocks/SM_Rock_Pile_01.uasset" 631
"../../../../../../Users/Eric/Documents/GitHub/ProjetKingdom/Content/Landscape/Foliage/FT_Rock1.uasset" 632
"../../../../../../Users/Eric/Documents/GitHub/ProjetKingdom/Content/PolygonNature/Meshes/Rocks/SM_Rock_Small_01.uasset" 633
"../../../../../../Users/Eric/Documents/GitHub/ProjetKingdom/Content/Landscape/Foliage/FT_Rock10.uasset" 634
"../../../../../../Users/Eric/Documents/GitHub/ProjetKingdom/Content/PolygonNature/Meshes/Rocks/SM_Rock_Pile_02.uasset" 635
"../../../../../../Users/Eric/Documents/GitHub/ProjetKingdom/Content/Landscape/Foliage/FT_Rock2.uasset" 636
"../../../../../../Users/Eric/Documents/GitHub/ProjetKingdom/Content/PolygonNature/Meshes/Rocks/SM_Rock_Pile_03.uasset" 637
"../../../../../../Users/Eric/Documents/GitHub/ProjetKingdom/Content/Landscape/Foliage/FT_Rock3.uasset" 638
"../../../../../../Users/Eric/Documents/GitHub/ProjetKingdom/Content/PolygonNature/Meshes/Rocks/SM_Rock_Pile_04.uasset" 639
"../../../../../../Users/Eric/Documents/GitHub/ProjetKingdom/Content/Landscape/Foliage/FT_Rock4.uasset" 640
"../../../../../../Users/Eric/Documents/GitHub/ProjetKingdom/Content/PolygonNature/Meshes/Rocks/SM_Rock_Pile_05.uasset" 641
"../../../../../../Users/Eric/Documents/GitHub/ProjetKingdom/Content/Landscape/Foliage/FT_Rock5.uasset" 642
"../../../../../../Users/Eric/Documents/GitHub/ProjetKingdom/Content/PolygonNature/Meshes/Rocks/SM_Rock_01.uasset" 643
"../../../../../../Users/Eric/Documents/GitHub/ProjetKingdom/Content/Landscape/Foliage/FT_Rock6.uasset" 644
"../../../../../../Users/Eric/Documents/GitHub/ProjetKingdom/Content/PolygonNature/Meshes/Rocks/SM_Rock_02.uasset" 645
"../../../../../../Users/Eric/Documents/GitHub/ProjetKingdom/Content/Landscape/Foliage/FT_Rock7.uasset" 646
"../../../../../../Users/Eric/Documents/GitHub/ProjetKingdom/Content/PolygonNature/Meshes/Rocks/SM_Rock_03.uasset" 647
"../../../../../../Users/Eric/Documents/GitHub/ProjetKingdom/Content/Landscape/Foliage/FT_Rock8.uasset" 648
"../../../../../../Users/Eric/Documents/GitHub/ProjetKingdom/Content/PolygonNature/Meshes/Rocks/SM_Rock_04.uasset" 649
"../../../../../../Users/Eric/Documents/GitHub/ProjetKingdom/Content/Landscape/Foliage/FT_Rock9.uasset" 650
"../../../../../../Users/Eric/Documents/GitHub/ProjetKingdom/Content/Map_Openworld_sharedassets/Dirt_LayerInfo.uasset" 651
"../../../../../../Users/Eric/Documents/GitHub/ProjetKingdom/Content/Map_Openworld_sharedassets/Greenery_LayerInfo.uasset" 652
"../../../../../../Users/Eric/Documents/GitHub/ProjetKingdom/Content/Map_Openworld_sharedassets/Rock_LayerInfo.uasset" 653
"../../../../../../Users/Eric/Documents/GitHub/ProjetKingdom/Content/Map_Openworld_sharedassets/Sand_LayerInfo.uasset" 654
"../../../../../../Users/Eric/Documents/GitHub/ProjetKingdom/Content/Map_Openworld_BuiltData.uasset" 655
"../../../Engine/Content/EngineMaterials/WeightMapPlaceholderTexture.uasset" 656
"../../../../../../Users/Eric/Documents/GitHub/ProjetKingdom/Content/PolygonNature/Textures/Terrain/T_Grass.uasset" 657
"../../../../../../Users/Eric/Documents/GitHub/ProjetKingdom/Content/PolygonNature/Textures/Terrain/T_Mud.uasset" 658
"../../../../../../Users/Eric/Documents/GitHub/ProjetKingdom/Content/PolygonNature/Textures/Terrain/T_Mud_Normal.uasset" 659
"../../../../../../Users/Eric/Documents/GitHub/ProjetKingdom/Content/PolygonNature/Textures/Terrain/T_Rockwall.uasset" 660
"../../../../../../Users/Eric/Documents/GitHub/ProjetKingdom/Content/PolygonNature/Textures/Terrain/T_Rockwall_Normal.uasset" 661
"../../../../../../Users/Eric/Documents/GitHub/ProjetKingdom/Content/PolygonNature/Textures/Terrain/T_Sand.uasset" 662
"../../../../../../Users/Eric/Documents/GitHub/ProjetKingdom/Content/Landscape/Landscape_Mat.uasset" 663
"../../../../../../Users/Eric/Documents/GitHub/ProjetKingdom/Content/PolygonKnights/Textures/Tex_Knight_Alt_04.uasset" 664
"../../../../../../Users/Eric/Documents/GitHub/ProjetKingdom/Content/PolygonKnights/Materials/Mat_PolyKnights_04.uasset" 665
"../../../../../../Users/Eric/Documents/GitHub/ProjetKingdom/Content/PolygonKnights/Textures/Tex_Knight_01.uasset" 666
"../../../../../../Users/Eric/Documents/GitHub/ProjetKingdom/Content/PolygonKnights/Materials/Mat_PolyKnights_01.uasset" 667
"../../../../../../Users/Eric/Documents/GitHub/ProjetKingdom/Content/PolygonKnights/Meshes/Buildings/SM_Bld_Castle_Door_01.uasset" 668
"../../../../../../Users/Eric/Documents/GitHub/ProjetKingdom/Content/PolygonKnights/Meshes/Buildings/SM_Bld_Castle_Door_L.uasset" 669
"../../../../../../Users/Eric/Documents/GitHub/ProjetKingdom/Content/PolygonKnights/Meshes/Buildings/SM_Bld_Castle_Door_R.uasset" 670
"../../../../../../Users/Eric/Documents/GitHub/ProjetKingdom/Content/PolygonKnights/Meshes/Buildings/SM_Bld_Castle_Tower_Base_02.uasset" 671
"../../../../../../Users/Eric/Documents/GitHub/ProjetKingdom/Content/PolygonKnights/Meshes/Buildings/SM_Bld_Castle_Tower_Round_02.uasset" 672
"../../../../../../Users/Eric/Documents/GitHub/ProjetKingdom/Content/PolygonKnights/Meshes/Buildings/SM_Bld_Castle_Tower_Round_Top_01.uasset" 673
"../../../../../../Users/Eric/Documents/GitHub/ProjetKingdom/Content/PolygonKnights/Meshes/Buildings/SM_Bld_Castle_Tower_Wall_Top_01.uasset" 674
"../../../../../../Users/Eric/Documents/GitHub/ProjetKingdom/Content/PolygonKnights/Meshes/Buildings/SM_Bld_Castle_Wall_01.uasset" 675
"../../../../../../Users/Eric/Documents/GitHub/ProjetKingdom/Content/PolygonKnights/Meshes/Buildings/SM_Bld_Castle_Wood_Battlement_04.uasset" 676
"../../../../../../Users/Eric/Documents/GitHub/ProjetKingdom/Content/PolygonKnights/Meshes/Buildings/SM_Bld_Church_Door_01.uasset" 677
"../../../../../../Users/Eric/Documents/GitHub/ProjetKingdom/Content/PolygonKnights/Meshes/Buildings/SM_Bld_Church_Room_02.uasset" 678
"../../../../../../Users/Eric/Documents/GitHub/ProjetKingdom/Content/PolygonKnights/Meshes/Buildings/SM_Bld_House_Door_01.uasset" 679
"../../../../../../Users/Eric/Documents/GitHub/ProjetKingdom/Content/PolygonKnights/Meshes/Buildings/SM_Bld_House_Door_03.uasset" 680
"../../../../../../Users/Eric/Documents/GitHub/ProjetKingdom/Content/PolygonKnights/Meshes/Buildings/SM_Bld_House_Extension_02.uasset" 681
"../../../../../../Users/Eric/Documents/GitHub/ProjetKingdom/Content/PolygonKnights/Meshes/Buildings/SM_Bld_House_Foundation_07.uasset" 682
"../../../../../../Users/Eric/Documents/GitHub/ProjetKingdom/Content/PolygonKnights/Meshes/Buildings/SM_Bld_House_Foundation_Beams_01.uasset" 683
"../../../../../../Users/Eric/Documents/GitHub/ProjetKingdom/Content/PolygonKnights/Meshes/Buildings/SM_Bld_House_Room_02.uasset" 684
"../../../../../../Users/Eric/Documents/GitHub/ProjetKingdom/Content/PolygonKnights/Meshes/Buildings/SM_Bld_House_Window_02.uasset" 685
"../../../../../../Users/Eric/Documents/GitHub/ProjetKingdom/Content/PolygonKnights/Meshes/Buildings/SM_Bld_Leanto_01.uasset" 686
"../../../../../../Users/Eric/Documents/GitHub/ProjetKingdom/Content/PolygonKnights/Meshes/Buildings/SM_Bld_Rockwall_Straight_01.uasset" 687
"../../../../../../Users/Eric/Documents/GitHub/ProjetKingdom/Content/PolygonKnights/Meshes/Buildings/SM_Bld_StairsLarge_02.uasset" 688
"../../../../../../Users/Eric/Documents/GitHub/ProjetKingdom/Content/PolygonKnights/Meshes/Props/SM_Prop_Banner_02.uasset" 689
"../../../../../../Users/Eric/Documents/GitHub/ProjetKingdom/Content/PolygonKnights/Meshes/Props/SM_Prop_Brazier_01.uasset" 690
"../../../../../../Users/Eric/Documents/GitHub/ProjetKingdom/Content/PolygonKnights/Meshes/Props/SM_Prop_CampFire_01.uasset" 691
"../../../../../../Users/Eric/Documents/GitHub/ProjetKingdom/Content/PolygonKnights/Meshes/Props/SM_Prop_CartHay_01.uasset" 692
"../../../../../../Users/Eric/Documents/GitHub/ProjetKingdom/Content/PolygonKnights/Meshes/Props/SM_Prop_CartWheel_01.uasset" 693
"../../../../../../Users/Eric/Documents/GitHub/ProjetKingdom/Content/PolygonKnights/Meshes/Props/SM_Prop_Chain_02.uasset" 694
"../../../../../../Users/Eric/Documents/GitHub/ProjetKingdom/Content/PolygonKnights/Meshes/Props/SM_Prop_Crate_01.uasset" 695
"../../../../../../Users/Eric/Documents/GitHub/ProjetKingdom/Content/PolygonKnights/Meshes/Props/SM_Prop_Fence_01.uasset" 696
"../../../../../../Users/Eric/Documents/GitHub/ProjetKingdom/Content/PolygonKnights/Meshes/Props/SM_Prop_Grate_01.uasset" 697
"../../../../../../Users/Eric/Documents/GitHub/ProjetKingdom/Content/PolygonKnights/Meshes/Props/SM_Prop_Lampost_01.uasset" 698
"../../../../../../Users/Eric/Documents/GitHub/ProjetKingdom/Content/PolygonKnights/Meshes/Props/SM_Prop_ShopSign_01.uasset" 699
"../../../../../../Users/Eric/Documents/GitHub/ProjetKingdom/Content/PolygonKnights/Meshes/Props/SM_Prop_Statue_Base_01.uasset" 700
"../../../../../../Users/Eric/Documents/GitHub/ProjetKingdom/Content/PolygonKnights/Materials/M_FX_Fire.uasset" 701
"../../../../../../Users/Eric/Documents/GitHub/ProjetKingdom/Content/PolygonKnights/ParticleFX/P_FX_Fire.uasset" 702
"../../../../../../Users/Eric/Documents/GitHub/ProjetKingdom/Content/PolygonKnights/ParticleFX/P_FX_Smoke.uasset" 703
"../../../../../../Users/Eric/Documents/GitHub/ProjetKingdom/Content/PolygonNature/Meshes/Props/SM_Prop_Arrow_01.uasset" 704
"../../../../../../Users/Eric/Documents/GitHub/ProjetKingdom/Content/PolygonNature/Meshes/Props/SM_Prop_CampFire_01.uasset" 705
"../../../../../../Users/Eric/Documents/GitHub/ProjetKingdom/Content/PolygonNature/Meshes/Props/SM_Prop_Chest_Wood_01.uasset" 706
"../../../../../../Users/Eric/Documents/GitHub/ProjetKingdom/Content/PolygonNature/Meshes/Props/SM_Prop_Chest_Wood_Lid.uasset" 707
"../../../../../../Users/Eric/Documents/GitHub/ProjetKingdom/Content/PolygonNature/Meshes/Props/SM_Prop_Fence_01.uasset" 708
"../../../../../../Users/Eric/Documents/GitHub/ProjetKingdom/Content/PolygonNature/Meshes/Props/SM_Prop_Grave_03.uasset" 709
"../../../../../../Users/Eric/Documents/GitHub/ProjetKingdom/Content/PolygonNature/Meshes/Props/SM_Prop_Pillar_Arch_Broken_Moss_01.uasset" 710
"../../../../../../Users/Eric/Documents/GitHub/ProjetKingdom/Content/PolygonNature/Meshes/Props/SM_Prop_Pillar_Arch_Broken_Moss_02.uasset" 711
"../../../../../../Users/Eric/Documents/GitHub/ProjetKingdom/Content/PolygonNature/Meshes/Props/SM_Prop_Pillar_Arch_Moss_01.uasset" 712
"../../../../../../Users/Eric/Documents/GitHub/ProjetKingdom/Content/PolygonNature/Meshes/Props/SM_Prop_Pillar_Broken_Moss_01.uasset" 713
"../../../../../../Users/Eric/Documents/GitHub/ProjetKingdom/Content/PolygonNature/Meshes/Props/SM_Prop_Pillar_Broken_Moss_02.uasset" 714
"../../../../../../Users/Eric/Documents/GitHub/ProjetKingdom/Content/PolygonNature/Meshes/Props/SM_Prop_Pillar_Moss_01.uasset" 715
"../../../../../../Users/Eric/Documents/GitHub/ProjetKingdom/Content/PolygonNature/Meshes/Props/SM_Prop_Skeleton_Ground_01.uasset" 716
"../../../../../../Users/Eric/Documents/GitHub/ProjetKingdom/Content/PolygonNature/Meshes/Props/SM_Prop_Skull_01.uasset" 717
"../../../../../../Users/Eric/Documents/GitHub/ProjetKingdom/Content/PolygonNature/Meshes/Terrain/SM_Terrain_GrassEdge_02.uasset" 718
"../../../../../../Users/Eric/Documents/GitHub/ProjetKingdom/Content/PolygonNature/Meshes/Terrain/SM_Terrain_RiverSide_01.uasset" 719
"../../../../../../Users/Eric/Documents/GitHub/ProjetKingdom/Content/Map_Openworld.umap" 720
"../../../../../../Users/Eric/Documents/GitHub/ProjetKingdom/Content/Mannequin/Character/Mesh/UE4_Mannequin_Skeleton.uasset" 721
"../../../../../../Users/Eric/Documents/GitHub/ProjetKingdom/Content/Mannequin/Animations/ThirdPerson_Jump.uasset" 722
"../../../../../../Users/Eric/Documents/GitHub/ProjetKingdom/Content/Mannequin/Animations/ThirdPersonJump_Loop.uasset" 723
"../../../../../../Users/Eric/Documents/GitHub/ProjetKingdom/Content/Mannequin/Animations/ThirdPersonJump_Start.uasset" 724
"../../../../../../Users/Eric/Documents/GitHub/ProjetKingdom/Content/Mannequin/Animations/ThirdPersonIdle.uasset" 725
"../../../../../../Users/Eric/Documents/GitHub/ProjetKingdom/Content/Mannequin/Animations/ThirdPersonRun.uasset" 726
"../../../../../../Users/Eric/Documents/GitHub/ProjetKingdom/Content/Mannequin/Animations/ThirdPersonWalk.uasset" 727
"../../../../../../Users/Eric/Documents/GitHub/ProjetKingdom/Content/Mannequin/Animations/ThirdPerson_IdleRun_2D.uasset" 728
"../../../../../../Users/Eric/Documents/GitHub/ProjetKingdom/Content/Mannequin/Animations/ThirdPerson_AnimBP.uasset" 729
"../../../../../../Users/Eric/Documents/GitHub/ProjetKingdom/Content/Mannequin/Character/Materials/MaterialLayers/T_ML_Rubber_Blue_01_D.uasset" 730
"../../../../../../Users/Eric/Documents/GitHub/ProjetKingdom/Content/Mannequin/Character/Materials/MaterialLayers/T_ML_Rubber_Blue_01_N.uasset" 731
"../../../../../../Users/Eric/Documents/GitHub/ProjetKingdom/Content/Mannequin/Character/Materials/MaterialLayers/ML_GlossyBlack_Latex_UE4.uasset" 732
"../../../../../../Users/Eric/Documents/GitHub/ProjetKingdom/Content/Mannequin/Character/Materials/MaterialLayers/ML_Plastic_Shiny_Beige.uasset" 733
"../../../../../../Users/Eric/Documents/GitHub/ProjetKingdom/Content/Mannequin/Character/Textures/UE4_LOGO_CARD.uasset" 734
"../../../../../../Users/Eric/Documents/GitHub/ProjetKingdom/Content/Mannequin/Character/Materials/MaterialLayers/ML_Plastic_Shiny_Beige_LOGO.uasset" 735
"../../../../../../Users/Eric/Documents/GitHub/ProjetKingdom/Content/Mannequin/Character/Materials/MaterialLayers/T_ML_Aluminum01.uasset" 736
"../../../../../../Users/Eric/Documents/GitHub/ProjetKingdom/Content/Mannequin/Character/Materials/MaterialLayers/T_ML_Aluminum01_N.uasset" 737
"../../../../../../Users/Eric/Documents/GitHub/ProjetKingdom/Content/Mannequin/Character/Materials/MaterialLayers/ML_SoftMetal_UE4.uasset" 738
"../../../../../../Users/Eric/Documents/GitHub/ProjetKingdom/Content/Mannequin/Character/Textures/UE4_Mannequin__normals.uasset" 739
"../../../../../../Users/Eric/Documents/GitHub/ProjetKingdom/Content/Mannequin/Character/Textures/UE4_Mannequin_MAT_MASKA.uasset" 740
"../../../../../../Users/Eric/Documents/GitHub/ProjetKingdom/Content/Mannequin/Character/Materials/M_UE4Man_Body.uasset" 741
"../../../../../../Users/Eric/Documents/GitHub/ProjetKingdom/Content/Mannequin/Character/Textures/UE4Man_Logo_N.uasset" 742
"../../../../../../Users/Eric/Documents/GitHub/ProjetKingdom/Content/Mannequin/Character/Materials/M_UE4Man_ChestLogo.uasset" 743
"../../../../../../Users/Eric/Documents/GitHub/ProjetKingdom/Content/Mannequin/Character/Mesh/SK_Mannequin_PhysicsAsset.uasset" 744
"../../../../../../Users/Eric/Documents/GitHub/ProjetKingdom/Content/Mannequin/Character/Mesh/SK_Mannequin.uasset" 745
"../../../../../../Users/Eric/Documents/GitHub/ProjetKingdom/Content/ThirdPersonBP/Blueprints/ThirdPersonCharacter.uasset" 746
"../../../../../../Users/Eric/Documents/GitHub/ProjetKingdom/Content/ThirdPersonBP/Maps/ThirdPersonExampleMap_BuiltData.uasset" 747
"../../../../../../Users/Eric/Documents/GitHub/ProjetKingdom/Content/Geometry/Meshes/CubeMaterial.uasset" 748
"../../../../../../Users/Eric/Documents/GitHub/ProjetKingdom/Content/Geometry/Meshes/1M_Cube.uasset" 749
"../../../../../../Users/Eric/Documents/GitHub/ProjetKingdom/Content/Geometry/Meshes/1M_Cube_Chamfer.uasset" 750
"../../../../../../Users/Eric/Documents/GitHub/ProjetKingdom/Content/Geometry/Meshes/TemplateFloor.uasset" 751
"../../../../../../Users/Eric/Documents/GitHub/ProjetKingdom/Content/ThirdPerson/Meshes/RampMaterial.uasset" 752
"../../../../../../Users/Eric/Documents/GitHub/ProjetKingdom/Content/ThirdPerson/Meshes/Bump_StaticMesh.uasset" 753
"../../../../../../Users/Eric/Documents/GitHub/ProjetKingdom/Content/ThirdPerson/Meshes/LeftArm_StaticMesh.uasset" 754
"../../../../../../Users/Eric/Documents/GitHub/ProjetKingdom/Content/ThirdPerson/Meshes/Linear_Stair_StaticMesh.uasset" 755
"../../../../../../Users/Eric/Documents/GitHub/ProjetKingdom/Content/ThirdPerson/Meshes/Ramp_StaticMesh.uasset" 756
"../../../../../../Users/Eric/Documents/GitHub/ProjetKingdom/Content/ThirdPerson/Meshes/RightArm_StaticMesh.uasset" 757
"../../../../../../Users/Eric/Documents/GitHub/ProjetKingdom/Content/ThirdPersonBP/Maps/ThirdPersonExampleMap.umap" 758
"../../../Engine/Content/TemplateResources/M_Template_Master.uasset" 759
"../../../Engine/Content/TemplateResources/MI_Template_BaseGray_03_Metal.uasset" 760
"../../../../../../Users/Eric/Documents/GitHub/ProjetKingdom/Content/Main_Character/Animation/MCO_Mocap_Basics/Overview.umap" 761
